ERROR 2025-12-05 18:26:12,043 exceptions 26416 9544 Error 403 en UserProfileViewSet
Traceback (most recent call last):
  File "C:\Users\samue\AppData\Local\Programs\Python\Python312\Lib\site-packages\rest_framework\views.py", line 497, in dispatch
    self.initial(request, *args, **kwargs)
  File "C:\Users\samue\AppData\Local\Programs\Python\Python312\Lib\site-packages\rest_framework\views.py", line 415, in initial
    self.check_permissions(request)
  File "C:\Users\samue\AppData\Local\Programs\Python\Python312\Lib\site-packages\rest_framework\views.py", line 333, in check_permissions
    self.permission_denied(
  File "C:\Users\samue\AppData\Local\Programs\Python\Python312\Lib\site-packages\rest_framework\views.py", line 175, in permission_denied
    raise exceptions.PermissionDenied(detail=message, code=code)
rest_framework.exceptions.PermissionDenied: Usted no tiene permiso para realizar esta acción.
WARNING 2025-12-05 18:26:12,043 log 26416 9544 Forbidden: /api/core/profiles/
ERROR 2025-12-05 18:26:13,778 exceptions 26416 9544 Error 401 en UserProfileViewSet
Traceback (most recent call last):
  File "C:\Users\samue\AppData\Local\Programs\Python\Python312\Lib\site-packages\rest_framework\views.py", line 497, in dispatch
    self.initial(request, *args, **kwargs)
  File "C:\Users\samue\AppData\Local\Programs\Python\Python312\Lib\site-packages\rest_framework\views.py", line 415, in initial
    self.check_permissions(request)
  File "C:\Users\samue\AppData\Local\Programs\Python\Python312\Lib\site-packages\rest_framework\views.py", line 333, in check_permissions
    self.permission_denied(
  File "C:\Users\samue\AppData\Local\Programs\Python\Python312\Lib\site-packages\rest_framework\views.py", line 174, in permission_denied
    raise exceptions.NotAuthenticated()
rest_framework.exceptions.NotAuthenticated: Las credenciales de autenticación no se proveyeron.
WARNING 2025-12-05 18:26:13,779 log 26416 9544 Unauthorized: /api/core/profiles/
INFO 2025-12-05 18:31:50,562 autoreload 24592 1632 Watching for file changes with StatReloader
WARNING 2025-12-05 18:32:00,391 log 24592 17248 Not Found: /
WARNING 2025-12-05 18:32:00,391 basehttp 24592 17248 "GET / HTTP/1.1" 404 2830
WARNING 2025-12-05 18:32:00,764 log 24592 17248 Not Found: /favicon.ico
WARNING 2025-12-05 18:32:00,767 basehttp 24592 17248 "GET /favicon.ico HTTP/1.1" 404 2881
INFO 2025-12-05 18:32:19,726 autoreload 21784 3244 Watching for file changes with StatReloader
WARNING 2025-12-05 18:32:21,517 log 21784 8716 Not Found: /
WARNING 2025-12-05 18:32:21,518 basehttp 21784 8716 "GET / HTTP/1.1" 404 2830
INFO 2025-12-05 18:32:55,894 basehttp 21784 20188 "GET /admin/ HTTP/1.1" 302 0
INFO 2025-12-05 18:32:55,962 basehttp 21784 20188 "GET /admin/login/?next=/admin/ HTTP/1.1" 200 4246
INFO 2025-12-05 18:32:56,293 basehttp 21784 22748 "GET /static/admin/css/dark_mode.css HTTP/1.1" 200 2929
INFO 2025-12-05 18:32:56,313 basehttp 21784 23340 "GET /static/admin/js/theme.js HTTP/1.1" 200 1943
INFO 2025-12-05 18:32:56,313 basehttp 21784 22748 "GET /static/admin/js/nav_sidebar.js HTTP/1.1" 200 3063
INFO 2025-12-05 18:32:56,313 basehttp 21784 29188 "GET /static/admin/css/login.css HTTP/1.1" 200 958
INFO 2025-12-05 18:32:56,313 basehttp 21784 4996 "GET /static/admin/css/responsive.css HTTP/1.1" 200 18559
INFO 2025-12-05 18:32:56,326 basehttp 21784 1144 "GET /static/admin/css/nav_sidebar.css HTTP/1.1" 200 2694
INFO 2025-12-05 18:32:56,328 basehttp 21784 20188 "GET /static/admin/css/base.css HTTP/1.1" 200 21310
INFO 2025-12-05 18:34:50,557 autoreload 16584 26444 Watching for file changes with StatReloader
INFO 2025-12-05 18:34:54,793 basehttp 16584 14572 "POST /admin/login/?next=/admin/ HTTP/1.1" 302 0
INFO 2025-12-05 18:34:54,851 basehttp 16584 14572 "GET /admin/ HTTP/1.1" 200 7164
INFO 2025-12-05 18:34:54,868 basehttp 16584 14572 "GET /static/admin/css/base.css HTTP/1.1" 304 0
INFO 2025-12-05 18:34:54,870 basehttp 16584 22436 "GET /static/admin/css/dark_mode.css HTTP/1.1" 304 0
INFO 2025-12-05 18:34:54,873 basehttp 16584 13320 "GET /static/admin/css/nav_sidebar.css HTTP/1.1" 304 0
INFO 2025-12-05 18:34:54,874 basehttp 16584 14572 "GET /static/admin/js/theme.js HTTP/1.1" 304 0
INFO 2025-12-05 18:34:54,874 basehttp 16584 8244 "GET /static/admin/css/responsive.css HTTP/1.1" 304 0
INFO 2025-12-05 18:34:54,875 basehttp 16584 22436 "GET /static/admin/js/nav_sidebar.js HTTP/1.1" 304 0
INFO 2025-12-05 18:34:54,957 basehttp 16584 8488 "GET /static/admin/css/dashboard.css HTTP/1.1" 200 441
INFO 2025-12-05 18:34:54,964 basehttp 16584 8488 "GET /static/admin/img/icon-addlink.svg HTTP/1.1" 200 331
INFO 2025-12-05 18:34:54,964 basehttp 16584 22436 "GET /static/admin/img/icon-changelink.svg HTTP/1.1" 200 380
INFO 2025-12-05 18:35:34,587 basehttp 16584 15764 "GET /swagger/ HTTP/1.1" 200 2390
INFO 2025-12-05 18:35:34,603 basehttp 16584 15764 "GET /static/drf-yasg/style.css HTTP/1.1" 200 1047
INFO 2025-12-05 18:35:34,615 basehttp 16584 29208 "GET /static/drf-yasg/insQ.min.js HTTP/1.1" 200 2093
INFO 2025-12-05 18:35:34,616 basehttp 16584 15764 "GET /static/drf-yasg/swagger-ui-init.js HTTP/1.1" 200 14964
INFO 2025-12-05 18:35:34,621 basehttp 16584 16892 "GET /static/drf-yasg/swagger-ui-dist/swagger-ui.css HTTP/1.1" 200 145206
INFO 2025-12-05 18:35:34,622 basehttp 16584 27704 "GET /static/drf-yasg/immutable.min.js HTTP/1.1" 200 56904
INFO 2025-12-05 18:35:34,634 basehttp 16584 7312 "GET /static/drf-yasg/swagger-ui-dist/swagger-ui-standalone-preset.js HTTP/1.1" 200 322863
INFO 2025-12-05 18:35:34,647 basehttp 16584 1304 "GET /static/drf-yasg/swagger-ui-dist/swagger-ui-bundle.js HTTP/1.1" 200 1046583
INFO 2025-12-05 18:35:34,836 basehttp 16584 1304 "GET /swagger/?format=openapi HTTP/1.1" 200 17362
INFO 2025-12-05 18:35:34,838 basehttp 16584 7312 "GET /static/drf-yasg/swagger-ui-dist/favicon-32x32.png HTTP/1.1" 200 628
INFO 2025-12-05 18:36:19,645 autoreload 16584 26444 C:\Users\samue\Documents\agromanager\apps\core\models.py changed, reloading.
INFO 2025-12-05 18:36:20,262 autoreload 8888 17888 Watching for file changes with StatReloader
INFO 2025-12-05 18:36:28,218 autoreload 8888 17888 C:\Users\samue\Documents\agromanager\apps\core\models.py changed, reloading.
INFO 2025-12-05 18:36:28,844 autoreload 26360 4168 Watching for file changes with StatReloader
INFO 2025-12-05 18:36:30,497 autoreload 26360 4168 C:\Users\samue\Documents\agromanager\apps\core\serializers.py changed, reloading.
INFO 2025-12-05 18:36:31,120 autoreload 24364 19020 Watching for file changes with StatReloader
INFO 2025-12-05 18:36:39,233 autoreload 24364 19020 C:\Users\samue\Documents\agromanager\apps\core\serializers.py changed, reloading.
INFO 2025-12-05 18:36:40,344 autoreload 26408 3112 Watching for file changes with StatReloader
INFO 2025-12-05 18:36:42,695 autoreload 26408 3112 C:\Users\samue\Documents\agromanager\apps\core\views.py changed, reloading.
INFO 2025-12-05 18:36:43,777 autoreload 14888 25416 Watching for file changes with StatReloader
INFO 2025-12-05 18:36:55,335 autoreload 14888 25416 C:\Users\samue\Documents\agromanager\apps\core\views.py changed, reloading.
INFO 2025-12-05 18:36:56,310 autoreload 23920 16380 Watching for file changes with StatReloader
INFO 2025-12-05 18:37:01,078 autoreload 23920 16380 C:\Users\samue\Documents\agromanager\config\urls.py changed, reloading.
INFO 2025-12-05 18:37:01,879 autoreload 26536 27932 Watching for file changes with StatReloader
WARNING 2025-12-05 18:38:36,360 log 27324 24800 Bad Request: /api/auth/password-reset-confirm/
WARNING 2025-12-05 18:38:36,588 log 27324 24800 Bad Request: /api/auth/password-reset-confirm/
INFO 2025-12-05 18:38:37,044 views 27324 24800 Contraseña actualizada para usuario: testuser
INFO 2025-12-05 18:38:37,510 views 27324 24800 Email de recuperación enviado a: test@example.com
WARNING 2025-12-05 18:38:37,736 log 27324 24800 Bad Request: /api/auth/password-reset/
WARNING 2025-12-05 18:38:37,966 log 27324 24800 Bad Request: /api/auth/register/
WARNING 2025-12-05 18:38:37,966 log 27324 24800 Bad Request: /api/auth/register/
INFO 2025-12-05 18:38:38,196 views 27324 24800 Nuevo usuario registrado: newuser
WARNING 2025-12-05 18:38:38,202 log 27324 24800 Bad Request: /api/auth/register/
ERROR 2025-12-05 18:38:42,145 exceptions 27324 24800 Error 403 en UserProfileViewSet
Traceback (most recent call last):
  File "C:\Users\samue\AppData\Local\Programs\Python\Python312\Lib\site-packages\rest_framework\views.py", line 497, in dispatch
    self.initial(request, *args, **kwargs)
  File "C:\Users\samue\AppData\Local\Programs\Python\Python312\Lib\site-packages\rest_framework\views.py", line 415, in initial
    self.check_permissions(request)
  File "C:\Users\samue\AppData\Local\Programs\Python\Python312\Lib\site-packages\rest_framework\views.py", line 333, in check_permissions
    self.permission_denied(
  File "C:\Users\samue\AppData\Local\Programs\Python\Python312\Lib\site-packages\rest_framework\views.py", line 175, in permission_denied
    raise exceptions.PermissionDenied(detail=message, code=code)
rest_framework.exceptions.PermissionDenied: Usted no tiene permiso para realizar esta acción.
WARNING 2025-12-05 18:38:42,145 log 27324 24800 Forbidden: /api/core/profiles/
ERROR 2025-12-05 18:38:43,896 exceptions 27324 24800 Error 401 en UserProfileViewSet
Traceback (most recent call last):
  File "C:\Users\samue\AppData\Local\Programs\Python\Python312\Lib\site-packages\rest_framework\views.py", line 497, in dispatch
    self.initial(request, *args, **kwargs)
  File "C:\Users\samue\AppData\Local\Programs\Python\Python312\Lib\site-packages\rest_framework\views.py", line 415, in initial
    self.check_permissions(request)
  File "C:\Users\samue\AppData\Local\Programs\Python\Python312\Lib\site-packages\rest_framework\views.py", line 333, in check_permissions
    self.permission_denied(
  File "C:\Users\samue\AppData\Local\Programs\Python\Python312\Lib\site-packages\rest_framework\views.py", line 174, in permission_denied
    raise exceptions.NotAuthenticated()
rest_framework.exceptions.NotAuthenticated: Las credenciales de autenticación no se proveyeron.
WARNING 2025-12-05 18:38:43,896 log 27324 24800 Unauthorized: /api/core/profiles/
INFO 2025-12-05 18:40:21,611 autoreload 29292 21040 Watching for file changes with StatReloader
WARNING 2025-12-05 18:40:26,720 log 29292 12480 Not Found: /
WARNING 2025-12-05 18:40:26,721 basehttp 29292 12480 "GET / HTTP/1.1" 404 3283
ERROR 2025-12-05 18:40:50,849 exceptions 29292 4120 Error 405 en register
Traceback (most recent call last):
  File "C:\Users\samue\AppData\Local\Programs\Python\Python312\Lib\site-packages\rest_framework\views.py", line 506, in dispatch
    response = handler(request, *args, **kwargs)
               ^^^^^^^^^^^^^^^^^^^^^^^^^^^^^^^^^
  File "C:\Users\samue\AppData\Local\Programs\Python\Python312\Lib\site-packages\rest_framework\views.py", line 167, in http_method_not_allowed
    raise exceptions.MethodNotAllowed(request.method)
rest_framework.exceptions.MethodNotAllowed: Método "GET" no permitido.
WARNING 2025-12-05 18:40:50,905 log 29292 4120 Method Not Allowed: /api/auth/register/
WARNING 2025-12-05 18:40:50,906 basehttp 29292 4120 "GET /api/auth/register/ HTTP/1.1" 405 10719
INFO 2025-12-05 18:40:51,245 basehttp 29292 4692 "GET /static/rest_framework/js/jquery-3.5.1.min.js HTTP/1.1" 200 89476
INFO 2025-12-05 18:40:51,245 basehttp 29292 4120 "GET /static/rest_framework/css/bootstrap.min.css HTTP/1.1" 200 121457
INFO 2025-12-05 18:40:51,245 basehttp 29292 19544 "GET /static/rest_framework/css/bootstrap-tweaks.css HTTP/1.1" 200 3385
INFO 2025-12-05 18:40:51,245 basehttp 29292 4692 "GET /static/rest_framework/js/csrf.js HTTP/1.1" 200 1719
INFO 2025-12-05 18:40:51,263 basehttp 29292 26808 "GET /static/rest_framework/css/prettify.css HTTP/1.1" 200 817
INFO 2025-12-05 18:40:51,265 basehttp 29292 19544 "GET /static/rest_framework/js/default.js HTTP/1.1" 200 1268
INFO 2025-12-05 18:40:51,266 basehttp 29292 4120 "GET /static/rest_framework/js/bootstrap.min.js HTTP/1.1" 200 39680
INFO 2025-12-05 18:40:51,266 basehttp 29292 4692 "GET /static/rest_framework/js/prettify-min.js HTTP/1.1" 200 13632
INFO 2025-12-05 18:40:51,267 basehttp 29292 13080 "GET /static/rest_framework/css/default.css HTTP/1.1" 200 1152
INFO 2025-12-05 18:40:51,267 basehttp 29292 18172 "GET /static/rest_framework/js/ajax-form.js HTTP/1.1" 200 3597
INFO 2025-12-05 18:40:51,281 basehttp 29292 18172 "GET /static/rest_framework/img/grid.png HTTP/1.1" 200 1458
WARNING 2025-12-05 18:41:20,050 log 29292 14056 Not Found: /swgger
WARNING 2025-12-05 18:41:20,053 basehttp 29292 14056 "GET /swgger HTTP/1.1" 404 3319
INFO 2025-12-05 18:41:33,082 basehttp 29292 28724 "GET /swagger/ HTTP/1.1" 200 2390
INFO 2025-12-05 18:41:33,101 basehttp 29292 11284 "GET /static/drf-yasg/swagger-ui-dist/swagger-ui.css HTTP/1.1" 304 0
INFO 2025-12-05 18:41:33,101 basehttp 29292 28724 "GET /static/drf-yasg/style.css HTTP/1.1" 304 0
INFO 2025-12-05 18:41:33,109 basehttp 29292 24640 "GET /static/drf-yasg/swagger-ui-dist/swagger-ui-standalone-preset.js HTTP/1.1" 304 0
INFO 2025-12-05 18:41:33,110 basehttp 29292 19120 "GET /static/drf-yasg/swagger-ui-dist/swagger-ui-bundle.js HTTP/1.1" 304 0
INFO 2025-12-05 18:41:33,116 basehttp 29292 11284 "GET /static/drf-yasg/swagger-ui-init.js HTTP/1.1" 304 0
INFO 2025-12-05 18:41:33,117 basehttp 29292 28524 "GET /static/drf-yasg/insQ.min.js HTTP/1.1" 304 0
INFO 2025-12-05 18:41:33,118 basehttp 29292 19832 "GET /static/drf-yasg/immutable.min.js HTTP/1.1" 304 0
INFO 2025-12-05 18:41:33,296 basehttp 29292 19832 "GET /swagger/?format=openapi HTTP/1.1" 200 18611
INFO 2025-12-05 18:49:39,264 autoreload 17516 13124 Watching for file changes with StatReloader
WARNING 2025-12-05 18:49:41,250 log 17516 19008 Not Found: /
WARNING 2025-12-05 18:49:41,251 basehttp 17516 19008 "GET / HTTP/1.1" 404 3283
ERROR 2025-12-05 18:50:01,268 exceptions 17516 28984 Error 405 en TokenRefreshView
Traceback (most recent call last):
  File "C:\Users\samue\AppData\Local\Programs\Python\Python312\Lib\site-packages\rest_framework\views.py", line 506, in dispatch
    response = handler(request, *args, **kwargs)
               ^^^^^^^^^^^^^^^^^^^^^^^^^^^^^^^^^
  File "C:\Users\samue\AppData\Local\Programs\Python\Python312\Lib\site-packages\rest_framework\views.py", line 167, in http_method_not_allowed
    raise exceptions.MethodNotAllowed(request.method)
rest_framework.exceptions.MethodNotAllowed: Método "GET" no permitido.
WARNING 2025-12-05 18:50:01,317 log 17516 28984 Method Not Allowed: /api/auth/refresh/
WARNING 2025-12-05 18:50:01,319 basehttp 17516 28984 "GET /api/auth/refresh/ HTTP/1.1" 405 12114
INFO 2025-12-05 18:50:01,333 basehttp 17516 28984 "GET /static/rest_framework/css/bootstrap.min.css HTTP/1.1" 304 0
INFO 2025-12-05 18:50:01,336 basehttp 17516 12256 "GET /static/rest_framework/css/bootstrap-tweaks.css HTTP/1.1" 304 0
INFO 2025-12-05 18:50:01,337 basehttp 17516 4512 "GET /static/rest_framework/css/prettify.css HTTP/1.1" 304 0
INFO 2025-12-05 18:50:01,340 basehttp 17516 13536 "GET /static/rest_framework/css/default.css HTTP/1.1" 304 0
INFO 2025-12-05 18:50:01,340 basehttp 17516 28984 "GET /static/rest_framework/js/csrf.js HTTP/1.1" 304 0
INFO 2025-12-05 18:50:01,344 basehttp 17516 3988 "GET /static/rest_framework/js/jquery-3.5.1.min.js HTTP/1.1" 304 0
INFO 2025-12-05 18:50:01,347 basehttp 17516 12256 "GET /static/rest_framework/js/bootstrap.min.js HTTP/1.1" 304 0
INFO 2025-12-05 18:50:01,347 basehttp 17516 22772 "GET /static/rest_framework/js/ajax-form.js HTTP/1.1" 304 0
INFO 2025-12-05 18:50:01,348 basehttp 17516 4512 "GET /static/rest_framework/js/prettify-min.js HTTP/1.1" 304 0
INFO 2025-12-05 18:50:01,348 basehttp 17516 13536 "GET /static/rest_framework/js/default.js HTTP/1.1" 304 0
INFO 2025-12-05 18:50:01,353 basehttp 17516 4512 "GET /static/rest_framework/img/grid.png HTTP/1.1" 304 0
ERROR 2025-12-05 18:50:13,445 exceptions 17516 23028 Error 401 en TokenRefreshView
Traceback (most recent call last):
  File "C:\Users\samue\AppData\Local\Programs\Python\Python312\Lib\site-packages\jwt\api_jws.py", line 270, in _load
    header_segment, payload_segment = signing_input.split(b".", 1)
    ^^^^^^^^^^^^^^^^^^^^^^^^^^^^^^^
ValueError: not enough values to unpack (expected 2, got 1)

The above exception was the direct cause of the following exception:

Traceback (most recent call last):
  File "C:\Users\samue\AppData\Local\Programs\Python\Python312\Lib\site-packages\rest_framework_simplejwt\backends.py", line 139, in decode
    return jwt.decode(
           ^^^^^^^^^^^
  File "C:\Users\samue\AppData\Local\Programs\Python\Python312\Lib\site-packages\jwt\api_jwt.py", line 222, in decode
    decoded = self.decode_complete(
              ^^^^^^^^^^^^^^^^^^^^^
  File "C:\Users\samue\AppData\Local\Programs\Python\Python312\Lib\site-packages\jwt\api_jwt.py", line 156, in decode_complete
    decoded = api_jws.decode_complete(
              ^^^^^^^^^^^^^^^^^^^^^^^^
  File "C:\Users\samue\AppData\Local\Programs\Python\Python312\Lib\site-packages\jwt\api_jws.py", line 209, in decode_complete
    payload, signing_input, header, signature = self._load(jwt)
                                                ^^^^^^^^^^^^^^^
  File "C:\Users\samue\AppData\Local\Programs\Python\Python312\Lib\site-packages\jwt\api_jws.py", line 272, in _load
    raise DecodeError("Not enough segments") from err
jwt.exceptions.DecodeError: Not enough segments

The above exception was the direct cause of the following exception:

Traceback (most recent call last):
  File "C:\Users\samue\AppData\Local\Programs\Python\Python312\Lib\site-packages\rest_framework_simplejwt\tokens.py", line 56, in __init__
    self.payload = token_backend.decode(token, verify=verify)
                   ^^^^^^^^^^^^^^^^^^^^^^^^^^^^^^^^^^^^^^^^^^
  File "C:\Users\samue\AppData\Local\Programs\Python\Python312\Lib\site-packages\rest_framework_simplejwt\backends.py", line 154, in decode
    raise TokenBackendError(_("Token is invalid or expired")) from ex
rest_framework_simplejwt.exceptions.TokenBackendError: El token es inválido o ha expirado

During handling of the above exception, another exception occurred:

Traceback (most recent call last):
  File "C:\Users\samue\AppData\Local\Programs\Python\Python312\Lib\site-packages\rest_framework_simplejwt\views.py", line 44, in post
    serializer.is_valid(raise_exception=True)
  File "C:\Users\samue\AppData\Local\Programs\Python\Python312\Lib\site-packages\rest_framework\serializers.py", line 227, in is_valid
    self._validated_data = self.run_validation(self.initial_data)
                           ^^^^^^^^^^^^^^^^^^^^^^^^^^^^^^^^^^^^^^
  File "C:\Users\samue\AppData\Local\Programs\Python\Python312\Lib\site-packages\rest_framework\serializers.py", line 429, in run_validation
    value = self.validate(value)
            ^^^^^^^^^^^^^^^^^^^^
  File "C:\Users\samue\AppData\Local\Programs\Python\Python312\Lib\site-packages\rest_framework_simplejwt\serializers.py", line 108, in validate
    refresh = self.token_class(attrs["refresh"])
              ^^^^^^^^^^^^^^^^^^^^^^^^^^^^^^^^^^
  File "C:\Users\samue\AppData\Local\Programs\Python\Python312\Lib\site-packages\rest_framework_simplejwt\tokens.py", line 58, in __init__
    raise TokenError(_("Token is invalid or expired"))
rest_framework_simplejwt.exceptions.TokenError: El token es inválido o ha expirado

During handling of the above exception, another exception occurred:

Traceback (most recent call last):
  File "C:\Users\samue\AppData\Local\Programs\Python\Python312\Lib\site-packages\rest_framework\views.py", line 506, in dispatch
    response = handler(request, *args, **kwargs)
               ^^^^^^^^^^^^^^^^^^^^^^^^^^^^^^^^^
  File "C:\Users\samue\AppData\Local\Programs\Python\Python312\Lib\site-packages\rest_framework_simplejwt\views.py", line 46, in post
    raise InvalidToken(e.args[0])
rest_framework_simplejwt.exceptions.InvalidToken: {'detail': ErrorDetail(string='El token es inválido o ha expirado', code='token_not_valid'), 'code': ErrorDetail(string='token_not_valid', code='token_not_valid')}
WARNING 2025-12-05 18:50:13,463 log 17516 23028 Unauthorized: /api/auth/refresh/
WARNING 2025-12-05 18:50:13,463 basehttp 17516 23028 "POST /api/auth/refresh/ HTTP/1.1" 401 12115
ERROR 2025-12-05 18:50:29,163 exceptions 17516 4244 Error 405 en register
Traceback (most recent call last):
  File "C:\Users\samue\AppData\Local\Programs\Python\Python312\Lib\site-packages\rest_framework\views.py", line 506, in dispatch
    response = handler(request, *args, **kwargs)
               ^^^^^^^^^^^^^^^^^^^^^^^^^^^^^^^^^
  File "C:\Users\samue\AppData\Local\Programs\Python\Python312\Lib\site-packages\rest_framework\views.py", line 167, in http_method_not_allowed
    raise exceptions.MethodNotAllowed(request.method)
rest_framework.exceptions.MethodNotAllowed: Método "GET" no permitido.
WARNING 2025-12-05 18:50:29,164 log 17516 4244 Method Not Allowed: /api/auth/register/
WARNING 2025-12-05 18:50:29,164 basehttp 17516 4244 "GET /api/auth/register/ HTTP/1.1" 405 10719
WARNING 2025-12-05 18:50:35,127 log 17516 25096 Bad Request: /api/auth/register/
WARNING 2025-12-05 18:50:35,130 basehttp 17516 25096 "POST /api/auth/register/ HTTP/1.1" 400 11117
WARNING 2025-12-05 18:52:06,987 log 17516 27596 Bad Request: /api/auth/register/
WARNING 2025-12-05 18:52:06,989 basehttp 17516 27596 "POST /api/auth/register/ HTTP/1.1" 400 11125
ERROR 2025-12-05 18:53:07,804 exceptions 17516 16028 Error 400 en register
Traceback (most recent call last):
  File "C:\Users\samue\AppData\Local\Programs\Python\Python312\Lib\site-packages\rest_framework\parsers.py", line 64, in parse
    return json.load(decoded_stream, parse_constant=parse_constant)
           ^^^^^^^^^^^^^^^^^^^^^^^^^^^^^^^^^^^^^^^^^^^^^^^^^^^^^^^^
  File "C:\Users\samue\AppData\Local\Programs\Python\Python312\Lib\site-packages\rest_framework\utils\json.py", line 31, in load
    return json.load(*args, **kwargs)
           ^^^^^^^^^^^^^^^^^^^^^^^^^^
  File "C:\Users\samue\AppData\Local\Programs\Python\Python312\Lib\json\__init__.py", line 293, in load
    return loads(fp.read(),
           ^^^^^^^^^^^^^^^^
  File "C:\Users\samue\AppData\Local\Programs\Python\Python312\Lib\json\__init__.py", line 359, in loads
    return cls(**kw).decode(s)
           ^^^^^^^^^^^^^^^^^^^
  File "C:\Users\samue\AppData\Local\Programs\Python\Python312\Lib\json\decoder.py", line 337, in decode
    obj, end = self.raw_decode(s, idx=_w(s, 0).end())
               ^^^^^^^^^^^^^^^^^^^^^^^^^^^^^^^^^^^^^^
  File "C:\Users\samue\AppData\Local\Programs\Python\Python312\Lib\json\decoder.py", line 355, in raw_decode
    raise JSONDecodeError("Expecting value", s, err.value) from None
json.decoder.JSONDecodeError: Expecting value: line 1 column 1 (char 0)

During handling of the above exception, another exception occurred:

Traceback (most recent call last):
  File "C:\Users\samue\AppData\Local\Programs\Python\Python312\Lib\site-packages\rest_framework\views.py", line 497, in dispatch
    self.initial(request, *args, **kwargs)
  File "C:\Users\samue\AppData\Local\Programs\Python\Python312\Lib\site-packages\rest_framework\views.py", line 414, in initial
    self.perform_authentication(request)
  File "C:\Users\samue\AppData\Local\Programs\Python\Python312\Lib\site-packages\rest_framework\views.py", line 324, in perform_authentication
    request.user
  File "C:\Users\samue\AppData\Local\Programs\Python\Python312\Lib\site-packages\rest_framework\request.py", line 227, in user
    self._authenticate()
  File "C:\Users\samue\AppData\Local\Programs\Python\Python312\Lib\site-packages\rest_framework\request.py", line 380, in _authenticate
    user_auth_tuple = authenticator.authenticate(self)
                      ^^^^^^^^^^^^^^^^^^^^^^^^^^^^^^^^
  File "C:\Users\samue\AppData\Local\Programs\Python\Python312\Lib\site-packages\rest_framework\authentication.py", line 130, in authenticate
    self.enforce_csrf(request)
  File "C:\Users\samue\AppData\Local\Programs\Python\Python312\Lib\site-packages\rest_framework\authentication.py", line 145, in enforce_csrf
    reason = check.process_view(request, None, (), {})
             ^^^^^^^^^^^^^^^^^^^^^^^^^^^^^^^^^^^^^^^^^
  File "C:\Users\samue\AppData\Local\Programs\Python\Python312\Lib\site-packages\django\middleware\csrf.py", line 470, in process_view
    self._check_token(request)
  File "C:\Users\samue\AppData\Local\Programs\Python\Python312\Lib\site-packages\django\middleware\csrf.py", line 373, in _check_token
    request_csrf_token = request.POST.get("csrfmiddlewaretoken", "")
                         ^^^^^^^^^^^^
  File "C:\Users\samue\AppData\Local\Programs\Python\Python312\Lib\site-packages\rest_framework\request.py", line 431, in POST
    self._load_data_and_files()
  File "C:\Users\samue\AppData\Local\Programs\Python\Python312\Lib\site-packages\rest_framework\request.py", line 279, in _load_data_and_files
    self._data, self._files = self._parse()
                              ^^^^^^^^^^^^^
  File "C:\Users\samue\AppData\Local\Programs\Python\Python312\Lib\site-packages\rest_framework\request.py", line 354, in _parse
    parsed = parser.parse(stream, media_type, self.parser_context)
             ^^^^^^^^^^^^^^^^^^^^^^^^^^^^^^^^^^^^^^^^^^^^^^^^^^^^^
  File "C:\Users\samue\AppData\Local\Programs\Python\Python312\Lib\site-packages\rest_framework\parsers.py", line 66, in parse
    raise ParseError('JSON parse error - %s' % str(exc))
rest_framework.exceptions.ParseError: JSON parse error - Expecting value: line 1 column 1 (char 0)
WARNING 2025-12-05 18:53:07,813 log 17516 16028 Bad Request: /api/auth/register/
WARNING 2025-12-05 18:53:07,813 basehttp 17516 16028 "POST /api/auth/register/ HTTP/1.1" 400 10700
INFO 2025-12-05 18:54:48,145 views 22656 24656 Nuevo usuario registrado: newuser
INFO 2025-12-05 18:54:59,628 autoreload 10312 7104 Watching for file changes with StatReloader
WARNING 2025-12-05 18:56:16,824 log 10312 11744 Not Found: /
WARNING 2025-12-05 18:56:16,825 basehttp 10312 11744 "GET / HTTP/1.1" 404 3283
INFO 2025-12-05 18:56:33,819 views 10312 25664 Nuevo usuario registrado: juan
INFO 2025-12-05 18:56:33,879 basehttp 10312 25664 "POST /api/auth/register/ HTTP/1.1" 201 11003
INFO 2025-12-05 18:56:33,904 basehttp 10312 25664 "GET /static/rest_framework/img/grid.png HTTP/1.1" 304 0
ERROR 2025-12-05 18:57:32,234 exceptions 10312 1748 Error 405 en TokenObtainPairView
Traceback (most recent call last):
  File "C:\Users\samue\AppData\Local\Programs\Python\Python312\Lib\site-packages\rest_framework\views.py", line 506, in dispatch
    response = handler(request, *args, **kwargs)
               ^^^^^^^^^^^^^^^^^^^^^^^^^^^^^^^^^
  File "C:\Users\samue\AppData\Local\Programs\Python\Python312\Lib\site-packages\rest_framework\views.py", line 167, in http_method_not_allowed
    raise exceptions.MethodNotAllowed(request.method)
rest_framework.exceptions.MethodNotAllowed: Método "GET" no permitido.
WARNING 2025-12-05 18:57:32,247 log 10312 1748 Method Not Allowed: /api/auth/login/
WARNING 2025-12-05 18:57:32,247 basehttp 10312 1748 "GET /api/auth/login/ HTTP/1.1" 405 12441
INFO 2025-12-05 18:57:32,268 basehttp 10312 1748 "GET /static/rest_framework/css/bootstrap.min.css HTTP/1.1" 304 0
INFO 2025-12-05 18:57:32,268 basehttp 10312 19316 "GET /static/rest_framework/css/bootstrap-tweaks.css HTTP/1.1" 304 0
INFO 2025-12-05 18:57:32,272 basehttp 10312 22740 "GET /static/rest_framework/css/default.css HTTP/1.1" 304 0
INFO 2025-12-05 18:57:32,272 basehttp 10312 28868 "GET /static/rest_framework/css/prettify.css HTTP/1.1" 304 0
INFO 2025-12-05 18:57:32,277 basehttp 10312 1748 "GET /static/rest_framework/js/csrf.js HTTP/1.1" 304 0
INFO 2025-12-05 18:57:32,277 basehttp 10312 11196 "GET /static/rest_framework/js/jquery-3.5.1.min.js HTTP/1.1" 304 0
INFO 2025-12-05 18:57:32,277 basehttp 10312 19316 "GET /static/rest_framework/js/bootstrap.min.js HTTP/1.1" 304 0
INFO 2025-12-05 18:57:32,280 basehttp 10312 28868 "GET /static/rest_framework/js/prettify-min.js HTTP/1.1" 304 0
INFO 2025-12-05 18:57:32,280 basehttp 10312 22740 "GET /static/rest_framework/js/default.js HTTP/1.1" 304 0
INFO 2025-12-05 18:57:32,280 basehttp 10312 8784 "GET /static/rest_framework/js/ajax-form.js HTTP/1.1" 304 0
ERROR 2025-12-05 18:58:10,740 exceptions 10312 17016 Error 401 en TokenObtainPairView
Traceback (most recent call last):
  File "C:\Users\samue\AppData\Local\Programs\Python\Python312\Lib\site-packages\rest_framework\views.py", line 506, in dispatch
    response = handler(request, *args, **kwargs)
               ^^^^^^^^^^^^^^^^^^^^^^^^^^^^^^^^^
  File "C:\Users\samue\AppData\Local\Programs\Python\Python312\Lib\site-packages\rest_framework_simplejwt\views.py", line 44, in post
    serializer.is_valid(raise_exception=True)
  File "C:\Users\samue\AppData\Local\Programs\Python\Python312\Lib\site-packages\rest_framework\serializers.py", line 227, in is_valid
    self._validated_data = self.run_validation(self.initial_data)
                           ^^^^^^^^^^^^^^^^^^^^^^^^^^^^^^^^^^^^^^
  File "C:\Users\samue\AppData\Local\Programs\Python\Python312\Lib\site-packages\rest_framework\serializers.py", line 429, in run_validation
    value = self.validate(value)
            ^^^^^^^^^^^^^^^^^^^^
  File "C:\Users\samue\AppData\Local\Programs\Python\Python312\Lib\site-packages\rest_framework_simplejwt\serializers.py", line 73, in validate
    data = super().validate(attrs)
           ^^^^^^^^^^^^^^^^^^^^^^^
  File "C:\Users\samue\AppData\Local\Programs\Python\Python312\Lib\site-packages\rest_framework_simplejwt\serializers.py", line 57, in validate
    raise exceptions.AuthenticationFailed(
rest_framework.exceptions.AuthenticationFailed: La combinación de credenciales no tiene una cuenta activa
WARNING 2025-12-05 18:58:10,745 log 10312 17016 Unauthorized: /api/auth/login/
WARNING 2025-12-05 18:58:10,745 basehttp 10312 17016 "POST /api/auth/login/ HTTP/1.1" 401 12387
ERROR 2025-12-05 18:59:04,159 exceptions 10312 6668 Error 401 en TokenObtainPairView
Traceback (most recent call last):
  File "C:\Users\samue\AppData\Local\Programs\Python\Python312\Lib\site-packages\rest_framework\views.py", line 506, in dispatch
    response = handler(request, *args, **kwargs)
               ^^^^^^^^^^^^^^^^^^^^^^^^^^^^^^^^^
  File "C:\Users\samue\AppData\Local\Programs\Python\Python312\Lib\site-packages\rest_framework_simplejwt\views.py", line 44, in post
    serializer.is_valid(raise_exception=True)
  File "C:\Users\samue\AppData\Local\Programs\Python\Python312\Lib\site-packages\rest_framework\serializers.py", line 227, in is_valid
    self._validated_data = self.run_validation(self.initial_data)
                           ^^^^^^^^^^^^^^^^^^^^^^^^^^^^^^^^^^^^^^
  File "C:\Users\samue\AppData\Local\Programs\Python\Python312\Lib\site-packages\rest_framework\serializers.py", line 429, in run_validation
    value = self.validate(value)
            ^^^^^^^^^^^^^^^^^^^^
  File "C:\Users\samue\AppData\Local\Programs\Python\Python312\Lib\site-packages\rest_framework_simplejwt\serializers.py", line 73, in validate
    data = super().validate(attrs)
           ^^^^^^^^^^^^^^^^^^^^^^^
  File "C:\Users\samue\AppData\Local\Programs\Python\Python312\Lib\site-packages\rest_framework_simplejwt\serializers.py", line 57, in validate
    raise exceptions.AuthenticationFailed(
rest_framework.exceptions.AuthenticationFailed: La combinación de credenciales no tiene una cuenta activa
WARNING 2025-12-05 18:59:04,165 log 10312 6668 Unauthorized: /api/auth/login/
WARNING 2025-12-05 18:59:04,167 basehttp 10312 6668 "POST /api/auth/login/ HTTP/1.1" 401 12387
INFO 2025-12-05 18:59:38,488 basehttp 10312 25308 "POST /api/auth/login/ HTTP/1.1" 200 12883
ERROR 2025-12-05 19:05:33,915 exceptions 10312 22532 Error 405 en register
Traceback (most recent call last):
  File "C:\Users\samue\AppData\Local\Programs\Python\Python312\Lib\site-packages\rest_framework\views.py", line 506, in dispatch
    response = handler(request, *args, **kwargs)
               ^^^^^^^^^^^^^^^^^^^^^^^^^^^^^^^^^
  File "C:\Users\samue\AppData\Local\Programs\Python\Python312\Lib\site-packages\rest_framework\views.py", line 167, in http_method_not_allowed
    raise exceptions.MethodNotAllowed(request.method)
rest_framework.exceptions.MethodNotAllowed: Método "GET" no permitido.
WARNING 2025-12-05 19:05:34,009 log 10312 22532 Method Not Allowed: /api/auth/register/
WARNING 2025-12-05 19:05:34,014 basehttp 10312 22532 "GET /api/auth/register/ HTTP/1.1" 405 10719
INFO 2025-12-05 19:10:25,315 autoreload 10312 7104 C:\Users\samue\Documents\agromanager\config\settings\dev.py changed, reloading.
INFO 2025-12-05 19:10:27,096 autoreload 29300 25664 Watching for file changes with StatReloader
WARNING 2025-12-10 16:18:41,288 log 12352 13064 Bad Request: /api/auth/password-reset-confirm/
WARNING 2025-12-10 16:18:41,517 log 12352 13064 Bad Request: /api/auth/password-reset-confirm/
INFO 2025-12-10 16:18:41,969 views 12352 13064 Contraseña actualizada para usuario: testuser
INFO 2025-12-10 16:18:42,439 views 12352 13064 Email de recuperación enviado a: test@example.com
WARNING 2025-12-10 16:18:42,654 log 12352 13064 Bad Request: /api/auth/password-reset/
WARNING 2025-12-10 16:18:42,877 log 12352 13064 Bad Request: /api/auth/register/
WARNING 2025-12-10 16:18:42,879 log 12352 13064 Bad Request: /api/auth/register/
INFO 2025-12-10 16:18:43,099 views 12352 13064 Nuevo usuario registrado: newuser
WARNING 2025-12-10 16:18:43,103 log 12352 13064 Bad Request: /api/auth/register/
ERROR 2025-12-10 16:18:46,896 exceptions 12352 13064 Error 403 en UserProfileViewSet
Traceback (most recent call last):
  File "C:\Users\samue\AppData\Local\Programs\Python\Python312\Lib\site-packages\rest_framework\views.py", line 497, in dispatch
    self.initial(request, *args, **kwargs)
  File "C:\Users\samue\AppData\Local\Programs\Python\Python312\Lib\site-packages\rest_framework\views.py", line 415, in initial
    self.check_permissions(request)
  File "C:\Users\samue\AppData\Local\Programs\Python\Python312\Lib\site-packages\rest_framework\views.py", line 333, in check_permissions
    self.permission_denied(
  File "C:\Users\samue\AppData\Local\Programs\Python\Python312\Lib\site-packages\rest_framework\views.py", line 175, in permission_denied
    raise exceptions.PermissionDenied(detail=message, code=code)
rest_framework.exceptions.PermissionDenied: Usted no tiene permiso para realizar esta acción.
WARNING 2025-12-10 16:18:46,898 log 12352 13064 Forbidden: /api/core/profiles/
ERROR 2025-12-10 16:18:48,632 exceptions 12352 13064 Error 401 en UserProfileViewSet
Traceback (most recent call last):
  File "C:\Users\samue\AppData\Local\Programs\Python\Python312\Lib\site-packages\rest_framework\views.py", line 497, in dispatch
    self.initial(request, *args, **kwargs)
  File "C:\Users\samue\AppData\Local\Programs\Python\Python312\Lib\site-packages\rest_framework\views.py", line 415, in initial
    self.check_permissions(request)
  File "C:\Users\samue\AppData\Local\Programs\Python\Python312\Lib\site-packages\rest_framework\views.py", line 333, in check_permissions
    self.permission_denied(
  File "C:\Users\samue\AppData\Local\Programs\Python\Python312\Lib\site-packages\rest_framework\views.py", line 174, in permission_denied
    raise exceptions.NotAuthenticated()
rest_framework.exceptions.NotAuthenticated: Las credenciales de autenticación no se proveyeron.
WARNING 2025-12-10 16:18:48,633 log 12352 13064 Unauthorized: /api/core/profiles/
INFO 2025-12-10 16:18:59,962 autoreload 28084 13600 Watching for file changes with StatReloader
WARNING 2025-12-10 16:24:08,626 log 20744 17952 Bad Request: /api/auth/password-reset-confirm/
WARNING 2025-12-10 16:24:08,857 log 20744 17952 Bad Request: /api/auth/password-reset-confirm/
INFO 2025-12-10 16:24:09,306 views 20744 17952 Contraseña actualizada para usuario: testuser
INFO 2025-12-10 16:24:09,767 views 20744 17952 Email de recuperación enviado a: test@example.com
WARNING 2025-12-10 16:24:09,988 log 20744 17952 Bad Request: /api/auth/password-reset/
WARNING 2025-12-10 16:24:10,219 log 20744 17952 Bad Request: /api/auth/register/
WARNING 2025-12-10 16:24:10,220 log 20744 17952 Bad Request: /api/auth/register/
INFO 2025-12-10 16:24:10,433 views 20744 17952 Nuevo usuario registrado: newuser
WARNING 2025-12-10 16:24:10,437 log 20744 17952 Bad Request: /api/auth/register/
ERROR 2025-12-10 16:24:14,229 exceptions 20744 17952 Error 403 en UserProfileViewSet
Traceback (most recent call last):
  File "C:\Users\samue\AppData\Local\Programs\Python\Python312\Lib\site-packages\rest_framework\views.py", line 497, in dispatch
    self.initial(request, *args, **kwargs)
  File "C:\Users\samue\AppData\Local\Programs\Python\Python312\Lib\site-packages\rest_framework\views.py", line 415, in initial
    self.check_permissions(request)
  File "C:\Users\samue\AppData\Local\Programs\Python\Python312\Lib\site-packages\rest_framework\views.py", line 333, in check_permissions
    self.permission_denied(
  File "C:\Users\samue\AppData\Local\Programs\Python\Python312\Lib\site-packages\rest_framework\views.py", line 175, in permission_denied
    raise exceptions.PermissionDenied(detail=message, code=code)
rest_framework.exceptions.PermissionDenied: Usted no tiene permiso para realizar esta acción.
WARNING 2025-12-10 16:24:14,231 log 20744 17952 Forbidden: /api/core/profiles/
ERROR 2025-12-10 16:24:15,964 exceptions 20744 17952 Error 401 en UserProfileViewSet
Traceback (most recent call last):
  File "C:\Users\samue\AppData\Local\Programs\Python\Python312\Lib\site-packages\rest_framework\views.py", line 497, in dispatch
    self.initial(request, *args, **kwargs)
  File "C:\Users\samue\AppData\Local\Programs\Python\Python312\Lib\site-packages\rest_framework\views.py", line 415, in initial
    self.check_permissions(request)
  File "C:\Users\samue\AppData\Local\Programs\Python\Python312\Lib\site-packages\rest_framework\views.py", line 333, in check_permissions
    self.permission_denied(
  File "C:\Users\samue\AppData\Local\Programs\Python\Python312\Lib\site-packages\rest_framework\views.py", line 174, in permission_denied
    raise exceptions.NotAuthenticated()
rest_framework.exceptions.NotAuthenticated: Las credenciales de autenticación no se proveyeron.
WARNING 2025-12-10 16:24:15,965 log 20744 17952 Unauthorized: /api/core/profiles/
INFO 2025-12-10 16:24:24,303 autoreload 29296 17640 Watching for file changes with StatReloader
INFO 2025-12-10 16:24:41,399 basehttp 29296 11952 "GET /api/core/health/ HTTP/1.1" 200 97
INFO 2025-12-10 16:24:43,439 basehttp 29296 29260 "GET /swagger/ HTTP/1.1" 200 2162
INFO 2025-12-10 16:24:45,759 views 29296 25224 Nuevo usuario registrado: testuser
INFO 2025-12-10 16:24:45,760 basehttp 29296 25224 "POST /api/auth/register/ HTTP/1.1" 201 149
INFO 2025-12-10 16:25:20,767 basehttp 29296 15748 "GET /api/core/health/ HTTP/1.1" 200 97
INFO 2025-12-10 16:25:23,043 views 29296 15844 Nuevo usuario registrado: demo_user
INFO 2025-12-10 16:25:23,043 basehttp 29296 15844 "POST /api/auth/register/ HTTP/1.1" 201 154
INFO 2025-12-10 16:25:25,313 basehttp 29296 27204 "POST /api/auth/login/ HTTP/1.1" 200 483
INFO 2025-12-10 16:25:27,369 basehttp 29296 18092 "GET /api/core/profiles/ HTTP/1.1" 200 1179
INFO 2025-12-10 16:25:29,405 basehttp 29296 7376 "GET /swagger/ HTTP/1.1" 200 2162
INFO 2025-12-10 16:27:00,517 basehttp 29296 12716 "POST /api/auth/login/ HTTP/1.1" 200 483
INFO 2025-12-10 16:27:16,741 basehttp 29296 13360 "POST /api/auth/login/ HTTP/1.1" 200 483
INFO 2025-12-10 16:27:18,785 basehttp 29296 24916 "GET /api/core/health/ HTTP/1.1" 200 97
INFO 2025-12-10 16:27:20,836 basehttp 29296 13340 "GET /api/core/profiles/ HTTP/1.1" 200 1179
WARNING 2025-12-10 16:27:22,892 log 29296 16704 Not Found: /api/core/unidades/
WARNING 2025-12-10 16:27:22,892 basehttp 29296 16704 "GET /api/core/unidades/ HTTP/1.1" 404 8616
INFO 2025-12-10 16:27:24,946 basehttp 29296 1136 "GET /api/cultivos/ HTTP/1.1" 200 52
ERROR 2025-12-10 16:27:26,990 exceptions 29296 20244 Error 404 en CultivoViewSet
Traceback (most recent call last):
  File "C:\Users\samue\AppData\Local\Programs\Python\Python312\Lib\site-packages\django\db\models\fields\__init__.py", line 2053, in get_prep_value
    return int(value)
           ^^^^^^^^^^
ValueError: invalid literal for int() with base 10: 'tipos'

The above exception was the direct cause of the following exception:

Traceback (most recent call last):
  File "C:\Users\samue\AppData\Local\Programs\Python\Python312\Lib\site-packages\rest_framework\generics.py", line 19, in get_object_or_404
    return _get_object_or_404(queryset, *filter_args, **filter_kwargs)
           ^^^^^^^^^^^^^^^^^^^^^^^^^^^^^^^^^^^^^^^^^^^^^^^^^^^^^^^^^^^
  File "C:\Users\samue\AppData\Local\Programs\Python\Python312\Lib\site-packages\django\shortcuts.py", line 85, in get_object_or_404
    return queryset.get(*args, **kwargs)
           ^^^^^^^^^^^^^^^^^^^^^^^^^^^^^
  File "C:\Users\samue\AppData\Local\Programs\Python\Python312\Lib\site-packages\django\db\models\query.py", line 623, in get
    clone = self._chain() if self.query.combinator else self.filter(*args, **kwargs)
                                                        ^^^^^^^^^^^^^^^^^^^^^^^^^^^^
  File "C:\Users\samue\AppData\Local\Programs\Python\Python312\Lib\site-packages\django\db\models\query.py", line 1436, in filter
    return self._filter_or_exclude(False, args, kwargs)
           ^^^^^^^^^^^^^^^^^^^^^^^^^^^^^^^^^^^^^^^^^^^^
  File "C:\Users\samue\AppData\Local\Programs\Python\Python312\Lib\site-packages\django\db\models\query.py", line 1454, in _filter_or_exclude
    clone._filter_or_exclude_inplace(negate, args, kwargs)
  File "C:\Users\samue\AppData\Local\Programs\Python\Python312\Lib\site-packages\django\db\models\query.py", line 1461, in _filter_or_exclude_inplace
    self._query.add_q(Q(*args, **kwargs))
  File "C:\Users\samue\AppData\Local\Programs\Python\Python312\Lib\site-packages\django\db\models\sql\query.py", line 1546, in add_q
    clause, _ = self._add_q(q_object, self.used_aliases)
                ^^^^^^^^^^^^^^^^^^^^^^^^^^^^^^^^^^^^^^^^
  File "C:\Users\samue\AppData\Local\Programs\Python\Python312\Lib\site-packages\django\db\models\sql\query.py", line 1577, in _add_q
    child_clause, needed_inner = self.build_filter(
                                 ^^^^^^^^^^^^^^^^^^
  File "C:\Users\samue\AppData\Local\Programs\Python\Python312\Lib\site-packages\django\db\models\sql\query.py", line 1492, in build_filter
    condition = self.build_lookup(lookups, col, value)
                ^^^^^^^^^^^^^^^^^^^^^^^^^^^^^^^^^^^^^^
  File "C:\Users\samue\AppData\Local\Programs\Python\Python312\Lib\site-packages\django\db\models\sql\query.py", line 1319, in build_lookup
    lookup = lookup_class(lhs, rhs)
             ^^^^^^^^^^^^^^^^^^^^^^
  File "C:\Users\samue\AppData\Local\Programs\Python\Python312\Lib\site-packages\django\db\models\lookups.py", line 27, in __init__
    self.rhs = self.get_prep_lookup()
               ^^^^^^^^^^^^^^^^^^^^^^
  File "C:\Users\samue\AppData\Local\Programs\Python\Python312\Lib\site-packages\django\db\models\lookups.py", line 341, in get_prep_lookup
    return super().get_prep_lookup()
           ^^^^^^^^^^^^^^^^^^^^^^^^^
  File "C:\Users\samue\AppData\Local\Programs\Python\Python312\Lib\site-packages\django\db\models\lookups.py", line 85, in get_prep_lookup
    return self.lhs.output_field.get_prep_value(self.rhs)
           ^^^^^^^^^^^^^^^^^^^^^^^^^^^^^^^^^^^^^^^^^^^^^^
  File "C:\Users\samue\AppData\Local\Programs\Python\Python312\Lib\site-packages\django\db\models\fields\__init__.py", line 2055, in get_prep_value
    raise e.__class__(
ValueError: Field 'id' expected a number but got 'tipos'.

During handling of the above exception, another exception occurred:

Traceback (most recent call last):
  File "C:\Users\samue\AppData\Local\Programs\Python\Python312\Lib\site-packages\rest_framework\views.py", line 506, in dispatch
    response = handler(request, *args, **kwargs)
               ^^^^^^^^^^^^^^^^^^^^^^^^^^^^^^^^^
  File "C:\Users\samue\AppData\Local\Programs\Python\Python312\Lib\site-packages\rest_framework\mixins.py", line 54, in retrieve
    instance = self.get_object()
               ^^^^^^^^^^^^^^^^^
  File "C:\Users\samue\AppData\Local\Programs\Python\Python312\Lib\site-packages\rest_framework\generics.py", line 96, in get_object
    obj = get_object_or_404(queryset, **filter_kwargs)
          ^^^^^^^^^^^^^^^^^^^^^^^^^^^^^^^^^^^^^^^^^^^^
  File "C:\Users\samue\AppData\Local\Programs\Python\Python312\Lib\site-packages\rest_framework\generics.py", line 21, in get_object_or_404
    raise Http404
django.http.response.Http404
WARNING 2025-12-10 16:27:27,002 log 29296 20244 Not Found: /api/cultivos/tipos/
WARNING 2025-12-10 16:27:27,004 basehttp 29296 20244 "GET /api/cultivos/tipos/ HTTP/1.1" 404 27
WARNING 2025-12-10 16:27:29,050 log 29296 25420 Not Found: /api/inventario/
WARNING 2025-12-10 16:27:29,050 basehttp 29296 25420 "GET /api/inventario/ HTTP/1.1" 404 3968
WARNING 2025-12-10 16:27:31,093 log 29296 28496 Not Found: /api/inventario/movimientos/
WARNING 2025-12-10 16:27:31,093 basehttp 29296 28496 "GET /api/inventario/movimientos/ HTTP/1.1" 404 4004
WARNING 2025-12-10 16:27:33,150 log 29296 22984 Not Found: /api/inventario/tipos-producto/
WARNING 2025-12-10 16:27:33,150 basehttp 29296 22984 "GET /api/inventario/tipos-producto/ HTTP/1.1" 404 4013
INFO 2025-12-10 16:27:35,198 basehttp 29296 12704 "GET /api/sensores/ HTTP/1.1" 200 117
WARNING 2025-12-10 16:27:37,251 log 29296 16116 Not Found: /api/sensores/tipos/
WARNING 2025-12-10 16:27:37,252 basehttp 29296 16116 "GET /api/sensores/tipos/ HTTP/1.1" 404 6163
INFO 2025-12-10 16:27:39,299 basehttp 29296 13588 "GET /api/sensores/lecturas/ HTTP/1.1" 200 52
INFO 2025-12-10 16:27:57,586 autoreload 29296 17640 C:\Users\samue\Documents\agromanager\apps\inventario\urls.py changed, reloading.
INFO 2025-12-10 16:28:00,066 autoreload 25088 12792 Watching for file changes with StatReloader
INFO 2025-12-10 16:28:04,382 autoreload 25088 12792 C:\Users\samue\Documents\agromanager\apps\inventario\views.py changed, reloading.
INFO 2025-12-10 16:28:05,412 autoreload 28780 25656 Watching for file changes with StatReloader
INFO 2025-12-10 16:28:09,069 autoreload 28780 25656 C:\Users\samue\Documents\agromanager\apps\inventario\views.py changed, reloading.
INFO 2025-12-10 16:28:09,818 autoreload 28256 14400 Watching for file changes with StatReloader
INFO 2025-12-10 16:28:18,043 autoreload 28256 14400 C:\Users\samue\Documents\agromanager\apps\inventario\serializers.py changed, reloading.
INFO 2025-12-10 16:28:19,111 autoreload 19352 22888 Watching for file changes with StatReloader
INFO 2025-12-10 16:28:23,931 autoreload 19352 22888 C:\Users\samue\Documents\agromanager\apps\cultivos\views.py changed, reloading.
INFO 2025-12-10 16:28:24,968 autoreload 8848 6472 Watching for file changes with StatReloader
INFO 2025-12-10 16:28:26,695 autoreload 8848 6472 C:\Users\samue\Documents\agromanager\apps\cultivos\urls.py changed, reloading.
INFO 2025-12-10 16:28:27,406 autoreload 12204 24220 Watching for file changes with StatReloader
INFO 2025-12-10 16:29:18,713 autoreload 11468 16284 Watching for file changes with StatReloader
INFO 2025-12-10 16:29:32,557 autoreload 19164 11152 Watching for file changes with StatReloader
INFO 2025-12-10 16:29:52,534 basehttp 11468 16680 "POST /api/auth/login/ HTTP/1.1" 200 483
INFO 2025-12-10 16:29:54,569 basehttp 11468 18208 "GET /api/core/health/ HTTP/1.1" 200 97
INFO 2025-12-10 16:29:56,680 basehttp 11468 21108 "GET /api/core/profiles/ HTTP/1.1" 200 1179
INFO 2025-12-10 16:29:58,743 basehttp 11468 4964 "GET /api/cultivos/ HTTP/1.1" 200 52
ERROR 2025-12-10 16:30:00,786 exceptions 11468 636 Error 500 en TiposViewSet
Traceback (most recent call last):
  File "C:\Users\samue\AppData\Local\Programs\Python\Python312\Lib\site-packages\rest_framework\views.py", line 506, in dispatch
    response = handler(request, *args, **kwargs)
               ^^^^^^^^^^^^^^^^^^^^^^^^^^^^^^^^^
  File "C:\Users\samue\Documents\agromanager\apps\cultivos\views.py", line 17, in list
    tipos = Cultivo.TIPOS_CULTIVO
            ^^^^^^^^^^^^^^^^^^^^^
AttributeError: type object 'Cultivo' has no attribute 'TIPOS_CULTIVO'
CRITICAL 2025-12-10 16:30:00,789 exceptions 11468 636 Error no controlado: type object 'Cultivo' has no attribute 'TIPOS_CULTIVO'
Traceback (most recent call last):
  File "C:\Users\samue\AppData\Local\Programs\Python\Python312\Lib\site-packages\rest_framework\views.py", line 506, in dispatch
    response = handler(request, *args, **kwargs)
               ^^^^^^^^^^^^^^^^^^^^^^^^^^^^^^^^^
  File "C:\Users\samue\Documents\agromanager\apps\cultivos\views.py", line 17, in list
    tipos = Cultivo.TIPOS_CULTIVO
            ^^^^^^^^^^^^^^^^^^^^^
AttributeError: type object 'Cultivo' has no attribute 'TIPOS_CULTIVO'
ERROR 2025-12-10 16:30:00,791 log 11468 636 Internal Server Error: /api/cultivos/tipos/
ERROR 2025-12-10 16:30:00,792 basehttp 11468 636 "GET /api/cultivos/tipos/ HTTP/1.1" 500 116
INFO 2025-12-10 16:30:02,828 basehttp 11468 29240 "GET /api/inventario/ HTTP/1.1" 200 52
ERROR 2025-12-10 16:30:04,886 exceptions 11468 22864 Error 404 en InsumoViewSet
Traceback (most recent call last):
  File "C:\Users\samue\AppData\Local\Programs\Python\Python312\Lib\site-packages\django\db\models\fields\__init__.py", line 2053, in get_prep_value
    return int(value)
           ^^^^^^^^^^
ValueError: invalid literal for int() with base 10: 'lotes'

The above exception was the direct cause of the following exception:

Traceback (most recent call last):
  File "C:\Users\samue\AppData\Local\Programs\Python\Python312\Lib\site-packages\rest_framework\generics.py", line 19, in get_object_or_404
    return _get_object_or_404(queryset, *filter_args, **filter_kwargs)
           ^^^^^^^^^^^^^^^^^^^^^^^^^^^^^^^^^^^^^^^^^^^^^^^^^^^^^^^^^^^
  File "C:\Users\samue\AppData\Local\Programs\Python\Python312\Lib\site-packages\django\shortcuts.py", line 85, in get_object_or_404
    return queryset.get(*args, **kwargs)
           ^^^^^^^^^^^^^^^^^^^^^^^^^^^^^
  File "C:\Users\samue\AppData\Local\Programs\Python\Python312\Lib\site-packages\django\db\models\query.py", line 623, in get
    clone = self._chain() if self.query.combinator else self.filter(*args, **kwargs)
                                                        ^^^^^^^^^^^^^^^^^^^^^^^^^^^^
  File "C:\Users\samue\AppData\Local\Programs\Python\Python312\Lib\site-packages\django\db\models\query.py", line 1436, in filter
    return self._filter_or_exclude(False, args, kwargs)
           ^^^^^^^^^^^^^^^^^^^^^^^^^^^^^^^^^^^^^^^^^^^^
  File "C:\Users\samue\AppData\Local\Programs\Python\Python312\Lib\site-packages\django\db\models\query.py", line 1454, in _filter_or_exclude
    clone._filter_or_exclude_inplace(negate, args, kwargs)
  File "C:\Users\samue\AppData\Local\Programs\Python\Python312\Lib\site-packages\django\db\models\query.py", line 1461, in _filter_or_exclude_inplace
    self._query.add_q(Q(*args, **kwargs))
  File "C:\Users\samue\AppData\Local\Programs\Python\Python312\Lib\site-packages\django\db\models\sql\query.py", line 1546, in add_q
    clause, _ = self._add_q(q_object, self.used_aliases)
                ^^^^^^^^^^^^^^^^^^^^^^^^^^^^^^^^^^^^^^^^
  File "C:\Users\samue\AppData\Local\Programs\Python\Python312\Lib\site-packages\django\db\models\sql\query.py", line 1577, in _add_q
    child_clause, needed_inner = self.build_filter(
                                 ^^^^^^^^^^^^^^^^^^
  File "C:\Users\samue\AppData\Local\Programs\Python\Python312\Lib\site-packages\django\db\models\sql\query.py", line 1492, in build_filter
    condition = self.build_lookup(lookups, col, value)
                ^^^^^^^^^^^^^^^^^^^^^^^^^^^^^^^^^^^^^^
  File "C:\Users\samue\AppData\Local\Programs\Python\Python312\Lib\site-packages\django\db\models\sql\query.py", line 1319, in build_lookup
    lookup = lookup_class(lhs, rhs)
             ^^^^^^^^^^^^^^^^^^^^^^
  File "C:\Users\samue\AppData\Local\Programs\Python\Python312\Lib\site-packages\django\db\models\lookups.py", line 27, in __init__
    self.rhs = self.get_prep_lookup()
               ^^^^^^^^^^^^^^^^^^^^^^
  File "C:\Users\samue\AppData\Local\Programs\Python\Python312\Lib\site-packages\django\db\models\lookups.py", line 341, in get_prep_lookup
    return super().get_prep_lookup()
           ^^^^^^^^^^^^^^^^^^^^^^^^^
  File "C:\Users\samue\AppData\Local\Programs\Python\Python312\Lib\site-packages\django\db\models\lookups.py", line 85, in get_prep_lookup
    return self.lhs.output_field.get_prep_value(self.rhs)
           ^^^^^^^^^^^^^^^^^^^^^^^^^^^^^^^^^^^^^^^^^^^^^^
  File "C:\Users\samue\AppData\Local\Programs\Python\Python312\Lib\site-packages\django\db\models\fields\__init__.py", line 2055, in get_prep_value
    raise e.__class__(
ValueError: Field 'id' expected a number but got 'lotes'.

During handling of the above exception, another exception occurred:

Traceback (most recent call last):
  File "C:\Users\samue\AppData\Local\Programs\Python\Python312\Lib\site-packages\rest_framework\views.py", line 506, in dispatch
    response = handler(request, *args, **kwargs)
               ^^^^^^^^^^^^^^^^^^^^^^^^^^^^^^^^^
  File "C:\Users\samue\AppData\Local\Programs\Python\Python312\Lib\site-packages\rest_framework\mixins.py", line 54, in retrieve
    instance = self.get_object()
               ^^^^^^^^^^^^^^^^^
  File "C:\Users\samue\AppData\Local\Programs\Python\Python312\Lib\site-packages\rest_framework\generics.py", line 96, in get_object
    obj = get_object_or_404(queryset, **filter_kwargs)
          ^^^^^^^^^^^^^^^^^^^^^^^^^^^^^^^^^^^^^^^^^^^^
  File "C:\Users\samue\AppData\Local\Programs\Python\Python312\Lib\site-packages\rest_framework\generics.py", line 21, in get_object_or_404
    raise Http404
django.http.response.Http404
WARNING 2025-12-10 16:30:04,897 log 11468 22864 Not Found: /api/inventario/lotes/
WARNING 2025-12-10 16:30:04,897 basehttp 11468 22864 "GET /api/inventario/lotes/ HTTP/1.1" 404 27
ERROR 2025-12-10 16:30:06,958 exceptions 11468 10504 Error 404 en InsumoViewSet
Traceback (most recent call last):
  File "C:\Users\samue\AppData\Local\Programs\Python\Python312\Lib\site-packages\django\db\models\fields\__init__.py", line 2053, in get_prep_value
    return int(value)
           ^^^^^^^^^^
ValueError: invalid literal for int() with base 10: 'movimientos'

The above exception was the direct cause of the following exception:

Traceback (most recent call last):
  File "C:\Users\samue\AppData\Local\Programs\Python\Python312\Lib\site-packages\rest_framework\generics.py", line 19, in get_object_or_404
    return _get_object_or_404(queryset, *filter_args, **filter_kwargs)
           ^^^^^^^^^^^^^^^^^^^^^^^^^^^^^^^^^^^^^^^^^^^^^^^^^^^^^^^^^^^
  File "C:\Users\samue\AppData\Local\Programs\Python\Python312\Lib\site-packages\django\shortcuts.py", line 85, in get_object_or_404
    return queryset.get(*args, **kwargs)
           ^^^^^^^^^^^^^^^^^^^^^^^^^^^^^
  File "C:\Users\samue\AppData\Local\Programs\Python\Python312\Lib\site-packages\django\db\models\query.py", line 623, in get
    clone = self._chain() if self.query.combinator else self.filter(*args, **kwargs)
                                                        ^^^^^^^^^^^^^^^^^^^^^^^^^^^^
  File "C:\Users\samue\AppData\Local\Programs\Python\Python312\Lib\site-packages\django\db\models\query.py", line 1436, in filter
    return self._filter_or_exclude(False, args, kwargs)
           ^^^^^^^^^^^^^^^^^^^^^^^^^^^^^^^^^^^^^^^^^^^^
  File "C:\Users\samue\AppData\Local\Programs\Python\Python312\Lib\site-packages\django\db\models\query.py", line 1454, in _filter_or_exclude
    clone._filter_or_exclude_inplace(negate, args, kwargs)
  File "C:\Users\samue\AppData\Local\Programs\Python\Python312\Lib\site-packages\django\db\models\query.py", line 1461, in _filter_or_exclude_inplace
    self._query.add_q(Q(*args, **kwargs))
  File "C:\Users\samue\AppData\Local\Programs\Python\Python312\Lib\site-packages\django\db\models\sql\query.py", line 1546, in add_q
    clause, _ = self._add_q(q_object, self.used_aliases)
                ^^^^^^^^^^^^^^^^^^^^^^^^^^^^^^^^^^^^^^^^
  File "C:\Users\samue\AppData\Local\Programs\Python\Python312\Lib\site-packages\django\db\models\sql\query.py", line 1577, in _add_q
    child_clause, needed_inner = self.build_filter(
                                 ^^^^^^^^^^^^^^^^^^
  File "C:\Users\samue\AppData\Local\Programs\Python\Python312\Lib\site-packages\django\db\models\sql\query.py", line 1492, in build_filter
    condition = self.build_lookup(lookups, col, value)
                ^^^^^^^^^^^^^^^^^^^^^^^^^^^^^^^^^^^^^^
  File "C:\Users\samue\AppData\Local\Programs\Python\Python312\Lib\site-packages\django\db\models\sql\query.py", line 1319, in build_lookup
    lookup = lookup_class(lhs, rhs)
             ^^^^^^^^^^^^^^^^^^^^^^
  File "C:\Users\samue\AppData\Local\Programs\Python\Python312\Lib\site-packages\django\db\models\lookups.py", line 27, in __init__
    self.rhs = self.get_prep_lookup()
               ^^^^^^^^^^^^^^^^^^^^^^
  File "C:\Users\samue\AppData\Local\Programs\Python\Python312\Lib\site-packages\django\db\models\lookups.py", line 341, in get_prep_lookup
    return super().get_prep_lookup()
           ^^^^^^^^^^^^^^^^^^^^^^^^^
  File "C:\Users\samue\AppData\Local\Programs\Python\Python312\Lib\site-packages\django\db\models\lookups.py", line 85, in get_prep_lookup
    return self.lhs.output_field.get_prep_value(self.rhs)
           ^^^^^^^^^^^^^^^^^^^^^^^^^^^^^^^^^^^^^^^^^^^^^^
  File "C:\Users\samue\AppData\Local\Programs\Python\Python312\Lib\site-packages\django\db\models\fields\__init__.py", line 2055, in get_prep_value
    raise e.__class__(
ValueError: Field 'id' expected a number but got 'movimientos'.

During handling of the above exception, another exception occurred:

Traceback (most recent call last):
  File "C:\Users\samue\AppData\Local\Programs\Python\Python312\Lib\site-packages\rest_framework\views.py", line 506, in dispatch
    response = handler(request, *args, **kwargs)
               ^^^^^^^^^^^^^^^^^^^^^^^^^^^^^^^^^
  File "C:\Users\samue\AppData\Local\Programs\Python\Python312\Lib\site-packages\rest_framework\mixins.py", line 54, in retrieve
    instance = self.get_object()
               ^^^^^^^^^^^^^^^^^
  File "C:\Users\samue\AppData\Local\Programs\Python\Python312\Lib\site-packages\rest_framework\generics.py", line 96, in get_object
    obj = get_object_or_404(queryset, **filter_kwargs)
          ^^^^^^^^^^^^^^^^^^^^^^^^^^^^^^^^^^^^^^^^^^^^
  File "C:\Users\samue\AppData\Local\Programs\Python\Python312\Lib\site-packages\rest_framework\generics.py", line 21, in get_object_or_404
    raise Http404
django.http.response.Http404
WARNING 2025-12-10 16:30:06,959 log 11468 10504 Not Found: /api/inventario/movimientos/
WARNING 2025-12-10 16:30:06,959 basehttp 11468 10504 "GET /api/inventario/movimientos/ HTTP/1.1" 404 27
INFO 2025-12-10 16:30:09,006 basehttp 11468 13500 "GET /api/sensores/ HTTP/1.1" 200 169
ERROR 2025-12-10 16:30:11,062 exceptions 11468 21172 Error 500 en TiposViewSet
Traceback (most recent call last):
  File "C:\Users\samue\AppData\Local\Programs\Python\Python312\Lib\site-packages\rest_framework\views.py", line 506, in dispatch
    response = handler(request, *args, **kwargs)
               ^^^^^^^^^^^^^^^^^^^^^^^^^^^^^^^^^
  File "C:\Users\samue\Documents\agromanager\apps\sensores\views.py", line 13, in list
    tipos = Sensor.TIPOS_SENSOR
            ^^^^^^^^^^^^^^^^^^^
AttributeError: type object 'Sensor' has no attribute 'TIPOS_SENSOR'
CRITICAL 2025-12-10 16:30:11,063 exceptions 11468 21172 Error no controlado: type object 'Sensor' has no attribute 'TIPOS_SENSOR'
Traceback (most recent call last):
  File "C:\Users\samue\AppData\Local\Programs\Python\Python312\Lib\site-packages\rest_framework\views.py", line 506, in dispatch
    response = handler(request, *args, **kwargs)
               ^^^^^^^^^^^^^^^^^^^^^^^^^^^^^^^^^
  File "C:\Users\samue\Documents\agromanager\apps\sensores\views.py", line 13, in list
    tipos = Sensor.TIPOS_SENSOR
            ^^^^^^^^^^^^^^^^^^^
AttributeError: type object 'Sensor' has no attribute 'TIPOS_SENSOR'
ERROR 2025-12-10 16:30:11,064 log 11468 21172 Internal Server Error: /api/sensores/tipos/
ERROR 2025-12-10 16:30:11,064 basehttp 11468 21172 "GET /api/sensores/tipos/ HTTP/1.1" 500 114
INFO 2025-12-10 16:30:13,097 basehttp 11468 27616 "GET /api/sensores/lecturas/ HTTP/1.1" 200 52
INFO 2025-12-10 16:30:27,497 autoreload 19164 11152 C:\Users\samue\Documents\agromanager\apps\cultivos\models.py changed, reloading.
INFO 2025-12-10 16:30:27,768 autoreload 11468 16284 C:\Users\samue\Documents\agromanager\apps\cultivos\models.py changed, reloading.
INFO 2025-12-10 16:30:28,187 autoreload 1584 9568 Watching for file changes with StatReloader
INFO 2025-12-10 16:30:28,481 autoreload 22252 15032 Watching for file changes with StatReloader
INFO 2025-12-10 16:30:35,194 autoreload 1584 9568 C:\Users\samue\Documents\agromanager\apps\sensores\models.py changed, reloading.
INFO 2025-12-10 16:30:35,452 autoreload 22252 15032 C:\Users\samue\Documents\agromanager\apps\sensores\models.py changed, reloading.
INFO 2025-12-10 16:30:35,847 autoreload 5560 8508 Watching for file changes with StatReloader
INFO 2025-12-10 16:30:36,093 autoreload 1460 808 Watching for file changes with StatReloader
INFO 2025-12-10 16:30:43,868 autoreload 5560 8508 C:\Users\samue\Documents\agromanager\apps\inventario\urls.py changed, reloading.
INFO 2025-12-10 16:30:44,089 autoreload 1460 808 C:\Users\samue\Documents\agromanager\apps\inventario\urls.py changed, reloading.
INFO 2025-12-10 16:30:44,522 autoreload 26896 19880 Watching for file changes with StatReloader
INFO 2025-12-10 16:30:44,755 autoreload 17728 19936 Watching for file changes with StatReloader
INFO 2025-12-10 16:30:52,714 basehttp 26896 29156 "POST /api/auth/login/ HTTP/1.1" 200 483
INFO 2025-12-10 16:30:54,752 basehttp 26896 21996 "GET /api/core/health/ HTTP/1.1" 200 97
INFO 2025-12-10 16:30:56,820 basehttp 26896 26484 "GET /api/core/profiles/ HTTP/1.1" 200 1179
INFO 2025-12-10 16:30:58,866 basehttp 26896 29544 "GET /api/cultivos/ HTTP/1.1" 200 52
INFO 2025-12-10 16:31:00,905 basehttp 26896 28816 "GET /api/cultivos/tipos/ HTTP/1.1" 200 197
INFO 2025-12-10 16:31:02,961 basehttp 26896 27924 "GET /api/inventario/insumos/ HTTP/1.1" 200 52
INFO 2025-12-10 16:31:05,007 basehttp 26896 28396 "GET /api/inventario/lotes/ HTTP/1.1" 200 52
INFO 2025-12-10 16:31:07,048 basehttp 26896 13492 "GET /api/inventario/movimientos/ HTTP/1.1" 200 52
INFO 2025-12-10 16:31:09,096 basehttp 26896 2884 "GET /api/sensores/ HTTP/1.1" 200 169
INFO 2025-12-10 16:31:11,123 basehttp 26896 29324 "GET /api/sensores/tipos/ HTTP/1.1" 200 113
INFO 2025-12-10 16:31:13,169 basehttp 26896 4432 "GET /api/sensores/lecturas/ HTTP/1.1" 200 52
INFO 2025-12-10 16:33:51,046 basehttp 26896 12856 "POST /api/auth/login/ HTTP/1.1" 200 483
INFO 2025-12-10 16:33:53,064 basehttp 26896 17276 "GET /api/core/health/ HTTP/1.1" 200 97
INFO 2025-12-10 16:33:55,116 basehttp 26896 28836 "GET /api/core/profiles/ HTTP/1.1" 200 1179
INFO 2025-12-10 16:33:57,174 basehttp 26896 29324 "GET /api/cultivos/ HTTP/1.1" 200 52
INFO 2025-12-10 16:33:59,236 basehttp 26896 21284 "GET /api/cultivos/tipos/ HTTP/1.1" 200 197
INFO 2025-12-10 16:34:26,149 basehttp 26896 7384 "POST /api/auth/login/ HTTP/1.1" 200 483
INFO 2025-12-10 16:34:28,197 basehttp 26896 25988 "GET /api/core/health/ HTTP/1.1" 200 97
INFO 2025-12-10 16:34:30,252 basehttp 26896 18032 "GET /api/core/profiles/ HTTP/1.1" 200 1179
INFO 2025-12-10 16:34:32,318 basehttp 26896 13364 "GET /api/cultivos/ HTTP/1.1" 200 52
INFO 2025-12-10 16:34:34,358 basehttp 26896 12232 "GET /api/cultivos/tipos/ HTTP/1.1" 200 197
INFO 2025-12-10 16:34:36,434 basehttp 26896 18308 "POST /api/cultivos/ HTTP/1.1" 201 210
INFO 2025-12-10 16:34:38,495 basehttp 26896 23496 "GET /api/inventario/insumos/ HTTP/1.1" 200 52
INFO 2025-12-10 16:34:40,545 basehttp 26896 28876 "GET /api/inventario/lotes/ HTTP/1.1" 200 52
INFO 2025-12-10 16:34:42,598 basehttp 26896 24300 "GET /api/inventario/movimientos/ HTTP/1.1" 200 52
INFO 2025-12-10 16:34:44,639 basehttp 26896 15572 "GET /api/inventario/alertas-stock/ HTTP/1.1" 200 2
INFO 2025-12-10 16:34:46,689 basehttp 26896 18108 "GET /api/sensores/ HTTP/1.1" 200 169
INFO 2025-12-10 16:34:48,736 basehttp 26896 13180 "GET /api/sensores/tipos/ HTTP/1.1" 200 113
INFO 2025-12-10 16:34:50,780 basehttp 26896 28736 "GET /api/sensores/lecturas/ HTTP/1.1" 200 52
INFO 2025-12-10 16:34:52,844 basehttp 26896 8300 "GET /swagger/ HTTP/1.1" 200 2162
INFO 2025-12-10 16:34:54,899 basehttp 26896 22864 "GET /redoc/ HTTP/1.1" 200 932
ERROR 2025-12-10 16:34:57,021 exceptions 26896 9476 Error 500 en SchemaView
Traceback (most recent call last):
  File "C:\Users\samue\AppData\Local\Programs\Python\Python312\Lib\site-packages\rest_framework\views.py", line 506, in dispatch
    response = handler(request, *args, **kwargs)
               ^^^^^^^^^^^^^^^^^^^^^^^^^^^^^^^^^
  File "C:\Users\samue\AppData\Local\Programs\Python\Python312\Lib\site-packages\drf_yasg\views.py", line 96, in get
    schema = generator.get_schema(request, self.public)
             ^^^^^^^^^^^^^^^^^^^^^^^^^^^^^^^^^^^^^^^^^^
  File "C:\Users\samue\AppData\Local\Programs\Python\Python312\Lib\site-packages\drf_yasg\generators.py", line 276, in get_schema
    paths, prefix = self.get_paths(endpoints, components, request, public)
                    ^^^^^^^^^^^^^^^^^^^^^^^^^^^^^^^^^^^^^^^^^^^^^^^^^^^^^^
  File "C:\Users\samue\AppData\Local\Programs\Python\Python312\Lib\site-packages\drf_yasg\generators.py", line 482, in get_paths
    operation = self.get_operation(view, path, prefix, method, components, request)
                ^^^^^^^^^^^^^^^^^^^^^^^^^^^^^^^^^^^^^^^^^^^^^^^^^^^^^^^^^^^^^^^^^^^
  File "C:\Users\samue\AppData\Local\Programs\Python\Python312\Lib\site-packages\drf_yasg\generators.py", line 524, in get_operation
    operation = view_inspector.get_operation(operation_keys)
                ^^^^^^^^^^^^^^^^^^^^^^^^^^^^^^^^^^^^^^^^^^^^
  File "C:\Users\samue\AppData\Local\Programs\Python\Python312\Lib\site-packages\drf_yasg\inspectors\view.py", line 45, in get_operation
    responses = self.get_responses()
                ^^^^^^^^^^^^^^^^^^^^
  File "C:\Users\samue\AppData\Local\Programs\Python\Python312\Lib\site-packages\drf_yasg\inspectors\view.py", line 180, in get_responses
    response_serializers = self.get_response_serializers()
                           ^^^^^^^^^^^^^^^^^^^^^^^^^^^^^^^
  File "C:\Users\samue\AppData\Local\Programs\Python\Python312\Lib\site-packages\drf_yasg\inspectors\view.py", line 235, in get_response_serializers
    responses = self.get_default_responses()
                ^^^^^^^^^^^^^^^^^^^^^^^^^^^^
  File "C:\Users\samue\AppData\Local\Programs\Python\Python312\Lib\site-packages\drf_yasg\inspectors\view.py", line 211, in get_default_responses
    default_schema = self.serializer_to_schema(default_schema) or ''
                     ^^^^^^^^^^^^^^^^^^^^^^^^^^^^^^^^^^^^^^^^^
  File "C:\Users\samue\AppData\Local\Programs\Python\Python312\Lib\site-packages\drf_yasg\inspectors\base.py", line 438, in serializer_to_schema
    return self.probe_inspectors(
           ^^^^^^^^^^^^^^^^^^^^^^
  File "C:\Users\samue\AppData\Local\Programs\Python\Python312\Lib\site-packages\drf_yasg\inspectors\base.py", line 110, in probe_inspectors
    result = method(obj, **kwargs)
             ^^^^^^^^^^^^^^^^^^^^^
  File "C:\Users\samue\AppData\Local\Programs\Python\Python312\Lib\site-packages\drf_yasg\inspectors\field.py", line 38, in get_schema
    return self.probe_field_inspectors(serializer, openapi.Schema, self.use_definitions)
           ^^^^^^^^^^^^^^^^^^^^^^^^^^^^^^^^^^^^^^^^^^^^^^^^^^^^^^^^^^^^^^^^^^^^^^^^^^^^^
  File "C:\Users\samue\AppData\Local\Programs\Python\Python312\Lib\site-packages\drf_yasg\inspectors\base.py", line 228, in probe_field_inspectors
    return self.probe_inspectors(
           ^^^^^^^^^^^^^^^^^^^^^^
  File "C:\Users\samue\AppData\Local\Programs\Python\Python312\Lib\site-packages\drf_yasg\inspectors\base.py", line 110, in probe_inspectors
    result = method(obj, **kwargs)
             ^^^^^^^^^^^^^^^^^^^^^
  File "C:\Users\samue\AppData\Local\Programs\Python\Python312\Lib\site-packages\drf_yasg\inspectors\field.py", line 129, in field_to_swagger_object
    actual_schema = definitions.setdefault(ref_name, make_schema_definition)
                    ^^^^^^^^^^^^^^^^^^^^^^^^^^^^^^^^^^^^^^^^^^^^^^^^^^^^^^^^
  File "C:\Users\samue\AppData\Local\Programs\Python\Python312\Lib\site-packages\drf_yasg\openapi.py", line 685, in setdefault
    ret = maker()
          ^^^^^^^
  File "C:\Users\samue\AppData\Local\Programs\Python\Python312\Lib\site-packages\drf_yasg\inspectors\field.py", line 98, in make_schema_definition
    for property_name, child in serializer.fields.items():
                                ^^^^^^^^^^^^^^^^^
  File "C:\Users\samue\AppData\Local\Programs\Python\Python312\Lib\site-packages\django\utils\functional.py", line 57, in __get__
    res = instance.__dict__[self.name] = self.func(instance)
                                         ^^^^^^^^^^^^^^^^^^^
  File "C:\Users\samue\AppData\Local\Programs\Python\Python312\Lib\site-packages\rest_framework\serializers.py", line 356, in fields
    for key, value in self.get_fields().items():
                      ^^^^^^^^^^^^^^^^^
  File "C:\Users\samue\AppData\Local\Programs\Python\Python312\Lib\site-packages\rest_framework\serializers.py", line 1076, in get_fields
    field_class, field_kwargs = self.build_field(
                                ^^^^^^^^^^^^^^^^^
  File "C:\Users\samue\AppData\Local\Programs\Python\Python312\Lib\site-packages\rest_framework\serializers.py", line 1222, in build_field
    return self.build_unknown_field(field_name, model_class)
           ^^^^^^^^^^^^^^^^^^^^^^^^^^^^^^^^^^^^^^^^^^^^^^^^^
  File "C:\Users\samue\AppData\Local\Programs\Python\Python312\Lib\site-packages\rest_framework\serializers.py", line 1340, in build_unknown_field
    raise ImproperlyConfigured(
django.core.exceptions.ImproperlyConfigured: Field name `created_at` is not valid for model `Insumo`.
CRITICAL 2025-12-10 16:34:57,035 exceptions 26896 9476 Error no controlado: Field name `created_at` is not valid for model `Insumo`.
Traceback (most recent call last):
  File "C:\Users\samue\AppData\Local\Programs\Python\Python312\Lib\site-packages\rest_framework\views.py", line 506, in dispatch
    response = handler(request, *args, **kwargs)
               ^^^^^^^^^^^^^^^^^^^^^^^^^^^^^^^^^
  File "C:\Users\samue\AppData\Local\Programs\Python\Python312\Lib\site-packages\drf_yasg\views.py", line 96, in get
    schema = generator.get_schema(request, self.public)
             ^^^^^^^^^^^^^^^^^^^^^^^^^^^^^^^^^^^^^^^^^^
  File "C:\Users\samue\AppData\Local\Programs\Python\Python312\Lib\site-packages\drf_yasg\generators.py", line 276, in get_schema
    paths, prefix = self.get_paths(endpoints, components, request, public)
                    ^^^^^^^^^^^^^^^^^^^^^^^^^^^^^^^^^^^^^^^^^^^^^^^^^^^^^^
  File "C:\Users\samue\AppData\Local\Programs\Python\Python312\Lib\site-packages\drf_yasg\generators.py", line 482, in get_paths
    operation = self.get_operation(view, path, prefix, method, components, request)
                ^^^^^^^^^^^^^^^^^^^^^^^^^^^^^^^^^^^^^^^^^^^^^^^^^^^^^^^^^^^^^^^^^^^
  File "C:\Users\samue\AppData\Local\Programs\Python\Python312\Lib\site-packages\drf_yasg\generators.py", line 524, in get_operation
    operation = view_inspector.get_operation(operation_keys)
                ^^^^^^^^^^^^^^^^^^^^^^^^^^^^^^^^^^^^^^^^^^^^
  File "C:\Users\samue\AppData\Local\Programs\Python\Python312\Lib\site-packages\drf_yasg\inspectors\view.py", line 45, in get_operation
    responses = self.get_responses()
                ^^^^^^^^^^^^^^^^^^^^
  File "C:\Users\samue\AppData\Local\Programs\Python\Python312\Lib\site-packages\drf_yasg\inspectors\view.py", line 180, in get_responses
    response_serializers = self.get_response_serializers()
                           ^^^^^^^^^^^^^^^^^^^^^^^^^^^^^^^
  File "C:\Users\samue\AppData\Local\Programs\Python\Python312\Lib\site-packages\drf_yasg\inspectors\view.py", line 235, in get_response_serializers
    responses = self.get_default_responses()
                ^^^^^^^^^^^^^^^^^^^^^^^^^^^^
  File "C:\Users\samue\AppData\Local\Programs\Python\Python312\Lib\site-packages\drf_yasg\inspectors\view.py", line 211, in get_default_responses
    default_schema = self.serializer_to_schema(default_schema) or ''
                     ^^^^^^^^^^^^^^^^^^^^^^^^^^^^^^^^^^^^^^^^^
  File "C:\Users\samue\AppData\Local\Programs\Python\Python312\Lib\site-packages\drf_yasg\inspectors\base.py", line 438, in serializer_to_schema
    return self.probe_inspectors(
           ^^^^^^^^^^^^^^^^^^^^^^
  File "C:\Users\samue\AppData\Local\Programs\Python\Python312\Lib\site-packages\drf_yasg\inspectors\base.py", line 110, in probe_inspectors
    result = method(obj, **kwargs)
             ^^^^^^^^^^^^^^^^^^^^^
  File "C:\Users\samue\AppData\Local\Programs\Python\Python312\Lib\site-packages\drf_yasg\inspectors\field.py", line 38, in get_schema
    return self.probe_field_inspectors(serializer, openapi.Schema, self.use_definitions)
           ^^^^^^^^^^^^^^^^^^^^^^^^^^^^^^^^^^^^^^^^^^^^^^^^^^^^^^^^^^^^^^^^^^^^^^^^^^^^^
  File "C:\Users\samue\AppData\Local\Programs\Python\Python312\Lib\site-packages\drf_yasg\inspectors\base.py", line 228, in probe_field_inspectors
    return self.probe_inspectors(
           ^^^^^^^^^^^^^^^^^^^^^^
  File "C:\Users\samue\AppData\Local\Programs\Python\Python312\Lib\site-packages\drf_yasg\inspectors\base.py", line 110, in probe_inspectors
    result = method(obj, **kwargs)
             ^^^^^^^^^^^^^^^^^^^^^
  File "C:\Users\samue\AppData\Local\Programs\Python\Python312\Lib\site-packages\drf_yasg\inspectors\field.py", line 129, in field_to_swagger_object
    actual_schema = definitions.setdefault(ref_name, make_schema_definition)
                    ^^^^^^^^^^^^^^^^^^^^^^^^^^^^^^^^^^^^^^^^^^^^^^^^^^^^^^^^
  File "C:\Users\samue\AppData\Local\Programs\Python\Python312\Lib\site-packages\drf_yasg\openapi.py", line 685, in setdefault
    ret = maker()
          ^^^^^^^
  File "C:\Users\samue\AppData\Local\Programs\Python\Python312\Lib\site-packages\drf_yasg\inspectors\field.py", line 98, in make_schema_definition
    for property_name, child in serializer.fields.items():
                                ^^^^^^^^^^^^^^^^^
  File "C:\Users\samue\AppData\Local\Programs\Python\Python312\Lib\site-packages\django\utils\functional.py", line 57, in __get__
    res = instance.__dict__[self.name] = self.func(instance)
                                         ^^^^^^^^^^^^^^^^^^^
  File "C:\Users\samue\AppData\Local\Programs\Python\Python312\Lib\site-packages\rest_framework\serializers.py", line 356, in fields
    for key, value in self.get_fields().items():
                      ^^^^^^^^^^^^^^^^^
  File "C:\Users\samue\AppData\Local\Programs\Python\Python312\Lib\site-packages\rest_framework\serializers.py", line 1076, in get_fields
    field_class, field_kwargs = self.build_field(
                                ^^^^^^^^^^^^^^^^^
  File "C:\Users\samue\AppData\Local\Programs\Python\Python312\Lib\site-packages\rest_framework\serializers.py", line 1222, in build_field
    return self.build_unknown_field(field_name, model_class)
           ^^^^^^^^^^^^^^^^^^^^^^^^^^^^^^^^^^^^^^^^^^^^^^^^^
  File "C:\Users\samue\AppData\Local\Programs\Python\Python312\Lib\site-packages\rest_framework\serializers.py", line 1340, in build_unknown_field
    raise ImproperlyConfigured(
django.core.exceptions.ImproperlyConfigured: Field name `created_at` is not valid for model `Insumo`.
ERROR 2025-12-10 16:34:57,038 log 26896 9476 Internal Server Error: /swagger.json
ERROR 2025-12-10 16:34:57,039 basehttp 26896 9476 "GET /swagger.json HTTP/1.1" 500 118
INFO 2025-12-10 16:35:21,829 basehttp 26896 8488 "POST /api/auth/login/ HTTP/1.1" 200 483
INFO 2025-12-10 16:35:23,885 basehttp 26896 3652 "GET /api/core/health/ HTTP/1.1" 200 97
INFO 2025-12-10 16:35:25,925 basehttp 26896 21576 "GET /api/core/profiles/ HTTP/1.1" 200 1179
INFO 2025-12-10 16:35:27,973 basehttp 26896 22780 "GET /api/cultivos/ HTTP/1.1" 200 262
INFO 2025-12-10 16:35:30,014 basehttp 26896 7492 "GET /api/cultivos/tipos/ HTTP/1.1" 200 197
INFO 2025-12-10 16:35:32,077 basehttp 26896 11912 "POST /api/cultivos/ HTTP/1.1" 201 205
INFO 2025-12-10 16:35:34,118 basehttp 26896 11244 "GET /api/inventario/insumos/ HTTP/1.1" 200 52
INFO 2025-12-10 16:35:36,164 basehttp 26896 10832 "GET /api/inventario/lotes/ HTTP/1.1" 200 52
INFO 2025-12-10 16:35:38,210 basehttp 26896 24548 "GET /api/inventario/movimientos/ HTTP/1.1" 200 52
INFO 2025-12-10 16:35:40,262 basehttp 26896 23600 "GET /api/inventario/alertas-stock/ HTTP/1.1" 200 2
INFO 2025-12-10 16:35:42,315 basehttp 26896 26140 "GET /api/sensores/ HTTP/1.1" 200 169
INFO 2025-12-10 16:35:44,375 basehttp 26896 24984 "GET /api/sensores/tipos/ HTTP/1.1" 200 113
INFO 2025-12-10 16:35:46,430 basehttp 26896 11792 "GET /api/sensores/lecturas/ HTTP/1.1" 200 52
INFO 2025-12-10 16:35:48,478 basehttp 26896 13500 "GET /swagger/ HTTP/1.1" 200 2162
INFO 2025-12-10 16:35:50,520 basehttp 26896 18544 "GET /redoc/ HTTP/1.1" 200 932
ERROR 2025-12-10 16:35:52,643 exceptions 26896 25008 Error 500 en SchemaView
Traceback (most recent call last):
  File "C:\Users\samue\AppData\Local\Programs\Python\Python312\Lib\site-packages\rest_framework\views.py", line 506, in dispatch
    response = handler(request, *args, **kwargs)
               ^^^^^^^^^^^^^^^^^^^^^^^^^^^^^^^^^
  File "C:\Users\samue\AppData\Local\Programs\Python\Python312\Lib\site-packages\drf_yasg\views.py", line 96, in get
    schema = generator.get_schema(request, self.public)
             ^^^^^^^^^^^^^^^^^^^^^^^^^^^^^^^^^^^^^^^^^^
  File "C:\Users\samue\AppData\Local\Programs\Python\Python312\Lib\site-packages\drf_yasg\generators.py", line 276, in get_schema
    paths, prefix = self.get_paths(endpoints, components, request, public)
                    ^^^^^^^^^^^^^^^^^^^^^^^^^^^^^^^^^^^^^^^^^^^^^^^^^^^^^^
  File "C:\Users\samue\AppData\Local\Programs\Python\Python312\Lib\site-packages\drf_yasg\generators.py", line 482, in get_paths
    operation = self.get_operation(view, path, prefix, method, components, request)
                ^^^^^^^^^^^^^^^^^^^^^^^^^^^^^^^^^^^^^^^^^^^^^^^^^^^^^^^^^^^^^^^^^^^
  File "C:\Users\samue\AppData\Local\Programs\Python\Python312\Lib\site-packages\drf_yasg\generators.py", line 524, in get_operation
    operation = view_inspector.get_operation(operation_keys)
                ^^^^^^^^^^^^^^^^^^^^^^^^^^^^^^^^^^^^^^^^^^^^
  File "C:\Users\samue\AppData\Local\Programs\Python\Python312\Lib\site-packages\drf_yasg\inspectors\view.py", line 45, in get_operation
    responses = self.get_responses()
                ^^^^^^^^^^^^^^^^^^^^
  File "C:\Users\samue\AppData\Local\Programs\Python\Python312\Lib\site-packages\drf_yasg\inspectors\view.py", line 180, in get_responses
    response_serializers = self.get_response_serializers()
                           ^^^^^^^^^^^^^^^^^^^^^^^^^^^^^^^
  File "C:\Users\samue\AppData\Local\Programs\Python\Python312\Lib\site-packages\drf_yasg\inspectors\view.py", line 235, in get_response_serializers
    responses = self.get_default_responses()
                ^^^^^^^^^^^^^^^^^^^^^^^^^^^^
  File "C:\Users\samue\AppData\Local\Programs\Python\Python312\Lib\site-packages\drf_yasg\inspectors\view.py", line 211, in get_default_responses
    default_schema = self.serializer_to_schema(default_schema) or ''
                     ^^^^^^^^^^^^^^^^^^^^^^^^^^^^^^^^^^^^^^^^^
  File "C:\Users\samue\AppData\Local\Programs\Python\Python312\Lib\site-packages\drf_yasg\inspectors\base.py", line 438, in serializer_to_schema
    return self.probe_inspectors(
           ^^^^^^^^^^^^^^^^^^^^^^
  File "C:\Users\samue\AppData\Local\Programs\Python\Python312\Lib\site-packages\drf_yasg\inspectors\base.py", line 110, in probe_inspectors
    result = method(obj, **kwargs)
             ^^^^^^^^^^^^^^^^^^^^^
  File "C:\Users\samue\AppData\Local\Programs\Python\Python312\Lib\site-packages\drf_yasg\inspectors\field.py", line 38, in get_schema
    return self.probe_field_inspectors(serializer, openapi.Schema, self.use_definitions)
           ^^^^^^^^^^^^^^^^^^^^^^^^^^^^^^^^^^^^^^^^^^^^^^^^^^^^^^^^^^^^^^^^^^^^^^^^^^^^^
  File "C:\Users\samue\AppData\Local\Programs\Python\Python312\Lib\site-packages\drf_yasg\inspectors\base.py", line 228, in probe_field_inspectors
    return self.probe_inspectors(
           ^^^^^^^^^^^^^^^^^^^^^^
  File "C:\Users\samue\AppData\Local\Programs\Python\Python312\Lib\site-packages\drf_yasg\inspectors\base.py", line 110, in probe_inspectors
    result = method(obj, **kwargs)
             ^^^^^^^^^^^^^^^^^^^^^
  File "C:\Users\samue\AppData\Local\Programs\Python\Python312\Lib\site-packages\drf_yasg\inspectors\field.py", line 129, in field_to_swagger_object
    actual_schema = definitions.setdefault(ref_name, make_schema_definition)
                    ^^^^^^^^^^^^^^^^^^^^^^^^^^^^^^^^^^^^^^^^^^^^^^^^^^^^^^^^
  File "C:\Users\samue\AppData\Local\Programs\Python\Python312\Lib\site-packages\drf_yasg\openapi.py", line 685, in setdefault
    ret = maker()
          ^^^^^^^
  File "C:\Users\samue\AppData\Local\Programs\Python\Python312\Lib\site-packages\drf_yasg\inspectors\field.py", line 98, in make_schema_definition
    for property_name, child in serializer.fields.items():
                                ^^^^^^^^^^^^^^^^^
  File "C:\Users\samue\AppData\Local\Programs\Python\Python312\Lib\site-packages\django\utils\functional.py", line 57, in __get__
    res = instance.__dict__[self.name] = self.func(instance)
                                         ^^^^^^^^^^^^^^^^^^^
  File "C:\Users\samue\AppData\Local\Programs\Python\Python312\Lib\site-packages\rest_framework\serializers.py", line 356, in fields
    for key, value in self.get_fields().items():
                      ^^^^^^^^^^^^^^^^^
  File "C:\Users\samue\AppData\Local\Programs\Python\Python312\Lib\site-packages\rest_framework\serializers.py", line 1076, in get_fields
    field_class, field_kwargs = self.build_field(
                                ^^^^^^^^^^^^^^^^^
  File "C:\Users\samue\AppData\Local\Programs\Python\Python312\Lib\site-packages\rest_framework\serializers.py", line 1222, in build_field
    return self.build_unknown_field(field_name, model_class)
           ^^^^^^^^^^^^^^^^^^^^^^^^^^^^^^^^^^^^^^^^^^^^^^^^^
  File "C:\Users\samue\AppData\Local\Programs\Python\Python312\Lib\site-packages\rest_framework\serializers.py", line 1340, in build_unknown_field
    raise ImproperlyConfigured(
django.core.exceptions.ImproperlyConfigured: Field name `created_at` is not valid for model `Insumo`.
CRITICAL 2025-12-10 16:35:52,646 exceptions 26896 25008 Error no controlado: Field name `created_at` is not valid for model `Insumo`.
Traceback (most recent call last):
  File "C:\Users\samue\AppData\Local\Programs\Python\Python312\Lib\site-packages\rest_framework\views.py", line 506, in dispatch
    response = handler(request, *args, **kwargs)
               ^^^^^^^^^^^^^^^^^^^^^^^^^^^^^^^^^
  File "C:\Users\samue\AppData\Local\Programs\Python\Python312\Lib\site-packages\drf_yasg\views.py", line 96, in get
    schema = generator.get_schema(request, self.public)
             ^^^^^^^^^^^^^^^^^^^^^^^^^^^^^^^^^^^^^^^^^^
  File "C:\Users\samue\AppData\Local\Programs\Python\Python312\Lib\site-packages\drf_yasg\generators.py", line 276, in get_schema
    paths, prefix = self.get_paths(endpoints, components, request, public)
                    ^^^^^^^^^^^^^^^^^^^^^^^^^^^^^^^^^^^^^^^^^^^^^^^^^^^^^^
  File "C:\Users\samue\AppData\Local\Programs\Python\Python312\Lib\site-packages\drf_yasg\generators.py", line 482, in get_paths
    operation = self.get_operation(view, path, prefix, method, components, request)
                ^^^^^^^^^^^^^^^^^^^^^^^^^^^^^^^^^^^^^^^^^^^^^^^^^^^^^^^^^^^^^^^^^^^
  File "C:\Users\samue\AppData\Local\Programs\Python\Python312\Lib\site-packages\drf_yasg\generators.py", line 524, in get_operation
    operation = view_inspector.get_operation(operation_keys)
                ^^^^^^^^^^^^^^^^^^^^^^^^^^^^^^^^^^^^^^^^^^^^
  File "C:\Users\samue\AppData\Local\Programs\Python\Python312\Lib\site-packages\drf_yasg\inspectors\view.py", line 45, in get_operation
    responses = self.get_responses()
                ^^^^^^^^^^^^^^^^^^^^
  File "C:\Users\samue\AppData\Local\Programs\Python\Python312\Lib\site-packages\drf_yasg\inspectors\view.py", line 180, in get_responses
    response_serializers = self.get_response_serializers()
                           ^^^^^^^^^^^^^^^^^^^^^^^^^^^^^^^
  File "C:\Users\samue\AppData\Local\Programs\Python\Python312\Lib\site-packages\drf_yasg\inspectors\view.py", line 235, in get_response_serializers
    responses = self.get_default_responses()
                ^^^^^^^^^^^^^^^^^^^^^^^^^^^^
  File "C:\Users\samue\AppData\Local\Programs\Python\Python312\Lib\site-packages\drf_yasg\inspectors\view.py", line 211, in get_default_responses
    default_schema = self.serializer_to_schema(default_schema) or ''
                     ^^^^^^^^^^^^^^^^^^^^^^^^^^^^^^^^^^^^^^^^^
  File "C:\Users\samue\AppData\Local\Programs\Python\Python312\Lib\site-packages\drf_yasg\inspectors\base.py", line 438, in serializer_to_schema
    return self.probe_inspectors(
           ^^^^^^^^^^^^^^^^^^^^^^
  File "C:\Users\samue\AppData\Local\Programs\Python\Python312\Lib\site-packages\drf_yasg\inspectors\base.py", line 110, in probe_inspectors
    result = method(obj, **kwargs)
             ^^^^^^^^^^^^^^^^^^^^^
  File "C:\Users\samue\AppData\Local\Programs\Python\Python312\Lib\site-packages\drf_yasg\inspectors\field.py", line 38, in get_schema
    return self.probe_field_inspectors(serializer, openapi.Schema, self.use_definitions)
           ^^^^^^^^^^^^^^^^^^^^^^^^^^^^^^^^^^^^^^^^^^^^^^^^^^^^^^^^^^^^^^^^^^^^^^^^^^^^^
  File "C:\Users\samue\AppData\Local\Programs\Python\Python312\Lib\site-packages\drf_yasg\inspectors\base.py", line 228, in probe_field_inspectors
    return self.probe_inspectors(
           ^^^^^^^^^^^^^^^^^^^^^^
  File "C:\Users\samue\AppData\Local\Programs\Python\Python312\Lib\site-packages\drf_yasg\inspectors\base.py", line 110, in probe_inspectors
    result = method(obj, **kwargs)
             ^^^^^^^^^^^^^^^^^^^^^
  File "C:\Users\samue\AppData\Local\Programs\Python\Python312\Lib\site-packages\drf_yasg\inspectors\field.py", line 129, in field_to_swagger_object
    actual_schema = definitions.setdefault(ref_name, make_schema_definition)
                    ^^^^^^^^^^^^^^^^^^^^^^^^^^^^^^^^^^^^^^^^^^^^^^^^^^^^^^^^
  File "C:\Users\samue\AppData\Local\Programs\Python\Python312\Lib\site-packages\drf_yasg\openapi.py", line 685, in setdefault
    ret = maker()
          ^^^^^^^
  File "C:\Users\samue\AppData\Local\Programs\Python\Python312\Lib\site-packages\drf_yasg\inspectors\field.py", line 98, in make_schema_definition
    for property_name, child in serializer.fields.items():
                                ^^^^^^^^^^^^^^^^^
  File "C:\Users\samue\AppData\Local\Programs\Python\Python312\Lib\site-packages\django\utils\functional.py", line 57, in __get__
    res = instance.__dict__[self.name] = self.func(instance)
                                         ^^^^^^^^^^^^^^^^^^^
  File "C:\Users\samue\AppData\Local\Programs\Python\Python312\Lib\site-packages\rest_framework\serializers.py", line 356, in fields
    for key, value in self.get_fields().items():
                      ^^^^^^^^^^^^^^^^^
  File "C:\Users\samue\AppData\Local\Programs\Python\Python312\Lib\site-packages\rest_framework\serializers.py", line 1076, in get_fields
    field_class, field_kwargs = self.build_field(
                                ^^^^^^^^^^^^^^^^^
  File "C:\Users\samue\AppData\Local\Programs\Python\Python312\Lib\site-packages\rest_framework\serializers.py", line 1222, in build_field
    return self.build_unknown_field(field_name, model_class)
           ^^^^^^^^^^^^^^^^^^^^^^^^^^^^^^^^^^^^^^^^^^^^^^^^^
  File "C:\Users\samue\AppData\Local\Programs\Python\Python312\Lib\site-packages\rest_framework\serializers.py", line 1340, in build_unknown_field
    raise ImproperlyConfigured(
django.core.exceptions.ImproperlyConfigured: Field name `created_at` is not valid for model `Insumo`.
ERROR 2025-12-10 16:35:52,651 log 26896 25008 Internal Server Error: /swagger.json
ERROR 2025-12-10 16:35:52,652 basehttp 26896 25008 "GET /swagger.json HTTP/1.1" 500 118
INFO 2025-12-10 16:36:00,849 autoreload 17728 19936 C:\Users\samue\Documents\agromanager\apps\inventario\serializers.py changed, reloading.
INFO 2025-12-10 16:36:01,621 autoreload 26896 19880 C:\Users\samue\Documents\agromanager\apps\inventario\serializers.py changed, reloading.
INFO 2025-12-10 16:36:02,114 autoreload 29408 25468 Watching for file changes with StatReloader
INFO 2025-12-10 16:36:02,363 autoreload 20048 8352 Watching for file changes with StatReloader
INFO 2025-12-10 16:36:11,411 autoreload 29408 25468 C:\Users\samue\Documents\agromanager\apps\core\views.py changed, reloading.
INFO 2025-12-10 16:36:11,516 autoreload 20048 8352 C:\Users\samue\Documents\agromanager\apps\core\views.py changed, reloading.
INFO 2025-12-10 16:36:12,179 autoreload 20800 9492 Watching for file changes with StatReloader
INFO 2025-12-10 16:36:12,301 autoreload 23464 18660 Watching for file changes with StatReloader
INFO 2025-12-10 16:36:21,638 autoreload 26060 4752 Watching for file changes with StatReloader
INFO 2025-12-10 16:36:44,035 basehttp 26060 25552 "POST /api/auth/login/ HTTP/1.1" 200 483
INFO 2025-12-10 16:36:46,091 basehttp 26060 4664 "GET /api/core/health/ HTTP/1.1" 200 97
INFO 2025-12-10 16:36:48,161 basehttp 26060 18272 "GET /api/core/profiles/ HTTP/1.1" 200 1179
INFO 2025-12-10 16:36:50,244 basehttp 26060 25988 "GET /api/cultivos/ HTTP/1.1" 200 468
INFO 2025-12-10 16:36:52,312 basehttp 26060 15880 "GET /api/cultivos/tipos/ HTTP/1.1" 200 197
INFO 2025-12-10 16:36:54,412 basehttp 26060 18032 "GET /api/inventario/insumos/ HTTP/1.1" 200 52
INFO 2025-12-10 16:36:56,475 basehttp 26060 17644 "GET /api/inventario/lotes/ HTTP/1.1" 200 52
INFO 2025-12-10 16:36:58,553 basehttp 26060 4624 "GET /api/inventario/movimientos/ HTTP/1.1" 200 52
INFO 2025-12-10 16:37:00,615 basehttp 26060 14416 "GET /api/inventario/alertas-stock/ HTTP/1.1" 200 2
INFO 2025-12-10 16:37:02,687 basehttp 26060 11568 "GET /api/sensores/ HTTP/1.1" 200 169
INFO 2025-12-10 16:37:04,744 basehttp 26060 18048 "GET /api/sensores/tipos/ HTTP/1.1" 200 113
INFO 2025-12-10 16:37:06,806 basehttp 26060 28504 "GET /api/sensores/lecturas/ HTTP/1.1" 200 52
INFO 2025-12-10 16:37:08,870 basehttp 26060 10200 "GET /swagger/ HTTP/1.1" 200 2162
INFO 2025-12-10 16:37:10,927 basehttp 26060 12268 "GET /redoc/ HTTP/1.1" 200 932
INFO 2025-12-10 16:37:13,072 basehttp 26060 19048 "GET /swagger.json HTTP/1.1" 200 49431
WARNING 2025-12-10 16:38:28,724 log 26060 25616 Not Found: /
WARNING 2025-12-10 16:38:28,726 basehttp 26060 25616 "GET / HTTP/1.1" 404 3624
WARNING 2025-12-10 16:38:42,657 log 26060 9356 Not Found: /swgger
WARNING 2025-12-10 16:38:42,658 basehttp 26060 9356 "GET /swgger HTTP/1.1" 404 3660
WARNING 2025-12-10 16:38:49,389 log 26060 9356 Not Found: /swggaer
WARNING 2025-12-10 16:38:49,390 basehttp 26060 9356 "GET /swggaer HTTP/1.1" 404 3663
INFO 2025-12-10 16:38:57,787 basehttp 26060 16532 "GET /swagger/ HTTP/1.1" 200 2390
INFO 2025-12-10 16:38:57,812 basehttp 26060 14888 "GET /static/drf-yasg/swagger-ui-dist/swagger-ui.css HTTP/1.1" 304 0
INFO 2025-12-10 16:38:57,812 basehttp 26060 16532 "GET /static/drf-yasg/style.css HTTP/1.1" 304 0
INFO 2025-12-10 16:38:57,813 basehttp 26060 12196 "GET /static/drf-yasg/swagger-ui-dist/swagger-ui-standalone-preset.js HTTP/1.1" 304 0
INFO 2025-12-10 16:38:57,814 basehttp 26060 23960 "GET /static/drf-yasg/insQ.min.js HTTP/1.1" 304 0
INFO 2025-12-10 16:38:57,815 basehttp 26060 408 "GET /static/drf-yasg/swagger-ui-dist/swagger-ui-bundle.js HTTP/1.1" 304 0
INFO 2025-12-10 16:38:57,817 basehttp 26060 17648 "GET /static/drf-yasg/immutable.min.js HTTP/1.1" 304 0
INFO 2025-12-10 16:38:57,819 basehttp 26060 14888 "GET /static/drf-yasg/swagger-ui-init.js HTTP/1.1" 304 0
INFO 2025-12-10 16:38:58,121 basehttp 26060 14888 "GET /swagger/?format=openapi HTTP/1.1" 200 41239
INFO 2025-12-10 16:50:08,435 autoreload 26060 4752 C:\Users\samue\Documents\agromanager\apps\sensores\models.py changed, reloading.
INFO 2025-12-10 16:50:09,600 autoreload 26156 3060 Watching for file changes with StatReloader
INFO 2025-12-10 16:51:07,335 autoreload 26156 3060 C:\Users\samue\Documents\agromanager\apps\cultivos\views.py changed, reloading.
INFO 2025-12-10 16:51:08,095 autoreload 23600 26116 Watching for file changes with StatReloader
INFO 2025-12-10 16:51:10,818 autoreload 23600 26116 C:\Users\samue\Documents\agromanager\apps\cultivos\views.py changed, reloading.
INFO 2025-12-10 16:51:12,064 autoreload 17036 13244 Watching for file changes with StatReloader
INFO 2025-12-10 16:51:15,783 autoreload 17036 13244 C:\Users\samue\Documents\agromanager\apps\inventario\views.py changed, reloading.
INFO 2025-12-10 16:51:17,064 autoreload 16804 11988 Watching for file changes with StatReloader
INFO 2025-12-10 16:51:23,102 autoreload 16804 11988 C:\Users\samue\Documents\agromanager\apps\inventario\views.py changed, reloading.
INFO 2025-12-10 16:51:24,272 autoreload 12552 20024 Watching for file changes with StatReloader
INFO 2025-12-10 16:51:28,040 autoreload 12552 20024 C:\Users\samue\Documents\agromanager\apps\inventario\views.py changed, reloading.
INFO 2025-12-10 16:51:29,414 autoreload 17440 5404 Watching for file changes with StatReloader
INFO 2025-12-10 16:51:33,240 autoreload 17440 5404 C:\Users\samue\Documents\agromanager\apps\inventario\views.py changed, reloading.
INFO 2025-12-10 16:51:34,391 autoreload 27412 29076 Watching for file changes with StatReloader
INFO 2025-12-10 16:51:36,873 autoreload 27412 29076 C:\Users\samue\Documents\agromanager\apps\sensores\views.py changed, reloading.
INFO 2025-12-10 16:51:38,028 autoreload 17324 22332 Watching for file changes with StatReloader
INFO 2025-12-10 16:51:41,709 autoreload 17324 22332 C:\Users\samue\Documents\agromanager\apps\sensores\views.py changed, reloading.
INFO 2025-12-10 16:51:42,969 autoreload 9016 25420 Watching for file changes with StatReloader
ERROR 2025-12-10 16:51:56,321 exceptions 9016 21152 Error 401 en CultivoViewSet
Traceback (most recent call last):
  File "C:\Users\samue\AppData\Local\Programs\Python\Python312\Lib\site-packages\rest_framework\views.py", line 497, in dispatch
    self.initial(request, *args, **kwargs)
  File "C:\Users\samue\AppData\Local\Programs\Python\Python312\Lib\site-packages\rest_framework\views.py", line 415, in initial
    self.check_permissions(request)
  File "C:\Users\samue\AppData\Local\Programs\Python\Python312\Lib\site-packages\rest_framework\views.py", line 333, in check_permissions
    self.permission_denied(
  File "C:\Users\samue\AppData\Local\Programs\Python\Python312\Lib\site-packages\rest_framework\views.py", line 174, in permission_denied
    raise exceptions.NotAuthenticated()
rest_framework.exceptions.NotAuthenticated: Las credenciales de autenticación no se proveyeron.
WARNING 2025-12-10 16:51:56,322 log 9016 21152 Unauthorized: /api/cultivos/
WARNING 2025-12-10 16:51:56,323 basehttp 9016 21152 "GET /api/cultivos/ HTTP/1.1" 401 65
ERROR 2025-12-10 16:51:58,359 exceptions 9016 1412 Error 401 en TiposViewSet
Traceback (most recent call last):
  File "C:\Users\samue\AppData\Local\Programs\Python\Python312\Lib\site-packages\rest_framework\views.py", line 497, in dispatch
    self.initial(request, *args, **kwargs)
  File "C:\Users\samue\AppData\Local\Programs\Python\Python312\Lib\site-packages\rest_framework\views.py", line 415, in initial
    self.check_permissions(request)
  File "C:\Users\samue\AppData\Local\Programs\Python\Python312\Lib\site-packages\rest_framework\views.py", line 333, in check_permissions
    self.permission_denied(
  File "C:\Users\samue\AppData\Local\Programs\Python\Python312\Lib\site-packages\rest_framework\views.py", line 174, in permission_denied
    raise exceptions.NotAuthenticated()
rest_framework.exceptions.NotAuthenticated: Las credenciales de autenticación no se proveyeron.
WARNING 2025-12-10 16:51:58,361 log 9016 1412 Unauthorized: /api/cultivos/tipos/
WARNING 2025-12-10 16:51:58,362 basehttp 9016 1412 "GET /api/cultivos/tipos/ HTTP/1.1" 401 65
ERROR 2025-12-10 16:52:00,399 exceptions 9016 23604 Error 401 en InsumoViewSet
Traceback (most recent call last):
  File "C:\Users\samue\AppData\Local\Programs\Python\Python312\Lib\site-packages\rest_framework\views.py", line 497, in dispatch
    self.initial(request, *args, **kwargs)
  File "C:\Users\samue\AppData\Local\Programs\Python\Python312\Lib\site-packages\rest_framework\views.py", line 415, in initial
    self.check_permissions(request)
  File "C:\Users\samue\AppData\Local\Programs\Python\Python312\Lib\site-packages\rest_framework\views.py", line 333, in check_permissions
    self.permission_denied(
  File "C:\Users\samue\AppData\Local\Programs\Python\Python312\Lib\site-packages\rest_framework\views.py", line 174, in permission_denied
    raise exceptions.NotAuthenticated()
rest_framework.exceptions.NotAuthenticated: Las credenciales de autenticación no se proveyeron.
WARNING 2025-12-10 16:52:00,400 log 9016 23604 Unauthorized: /api/inventario/insumos/
WARNING 2025-12-10 16:52:00,401 basehttp 9016 23604 "GET /api/inventario/insumos/ HTTP/1.1" 401 65
ERROR 2025-12-10 16:52:02,445 exceptions 9016 19888 Error 401 en APIRootView
Traceback (most recent call last):
  File "C:\Users\samue\AppData\Local\Programs\Python\Python312\Lib\site-packages\rest_framework\views.py", line 497, in dispatch
    self.initial(request, *args, **kwargs)
  File "C:\Users\samue\AppData\Local\Programs\Python\Python312\Lib\site-packages\rest_framework\views.py", line 415, in initial
    self.check_permissions(request)
  File "C:\Users\samue\AppData\Local\Programs\Python\Python312\Lib\site-packages\rest_framework\views.py", line 333, in check_permissions
    self.permission_denied(
  File "C:\Users\samue\AppData\Local\Programs\Python\Python312\Lib\site-packages\rest_framework\views.py", line 174, in permission_denied
    raise exceptions.NotAuthenticated()
rest_framework.exceptions.NotAuthenticated: Las credenciales de autenticación no se proveyeron.
WARNING 2025-12-10 16:52:02,447 log 9016 19888 Unauthorized: /api/sensores/
WARNING 2025-12-10 16:52:02,449 basehttp 9016 19888 "GET /api/sensores/ HTTP/1.1" 401 65
ERROR 2025-12-10 16:52:04,507 exceptions 9016 16532 Error 401 en TiposViewSet
Traceback (most recent call last):
  File "C:\Users\samue\AppData\Local\Programs\Python\Python312\Lib\site-packages\rest_framework\views.py", line 497, in dispatch
    self.initial(request, *args, **kwargs)
  File "C:\Users\samue\AppData\Local\Programs\Python\Python312\Lib\site-packages\rest_framework\views.py", line 415, in initial
    self.check_permissions(request)
  File "C:\Users\samue\AppData\Local\Programs\Python\Python312\Lib\site-packages\rest_framework\views.py", line 333, in check_permissions
    self.permission_denied(
  File "C:\Users\samue\AppData\Local\Programs\Python\Python312\Lib\site-packages\rest_framework\views.py", line 174, in permission_denied
    raise exceptions.NotAuthenticated()
rest_framework.exceptions.NotAuthenticated: Las credenciales de autenticación no se proveyeron.
WARNING 2025-12-10 16:52:04,510 log 9016 16532 Unauthorized: /api/sensores/tipos/
WARNING 2025-12-10 16:52:04,513 basehttp 9016 16532 "GET /api/sensores/tipos/ HTTP/1.1" 401 65
INFO 2025-12-10 16:52:06,974 basehttp 9016 28724 "POST /api/auth/login/ HTTP/1.1" 200 483
INFO 2025-12-10 16:52:09,038 basehttp 9016 10232 "GET /api/cultivos/ HTTP/1.1" 200 468
INFO 2025-12-10 16:52:11,075 basehttp 9016 18388 "GET /api/cultivos/tipos/ HTTP/1.1" 200 197
INFO 2025-12-10 16:52:13,133 basehttp 9016 22728 "GET /api/inventario/insumos/ HTTP/1.1" 200 52
INFO 2025-12-10 16:52:15,180 basehttp 9016 10744 "GET /api/sensores/ HTTP/1.1" 200 169
INFO 2025-12-10 16:52:17,219 basehttp 9016 1376 "GET /api/sensores/tipos/ HTTP/1.1" 200 113
INFO 2025-12-10 16:55:45,953 autoreload 9016 25420 C:\Users\samue\Documents\agromanager\apps\cultivos\serializers.py changed, reloading.
INFO 2025-12-10 16:55:47,802 autoreload 8248 1840 Watching for file changes with StatReloader
INFO 2025-12-10 16:56:04,372 autoreload 8248 1840 C:\Users\samue\Documents\agromanager\apps\cultivos\serializers.py changed, reloading.
INFO 2025-12-10 16:56:05,598 autoreload 19872 17632 Watching for file changes with StatReloader
INFO 2025-12-10 16:56:11,611 autoreload 19872 17632 C:\Users\samue\Documents\agromanager\apps\inventario\serializers.py changed, reloading.
INFO 2025-12-10 16:56:12,764 autoreload 25488 15716 Watching for file changes with StatReloader
INFO 2025-12-10 16:56:16,475 autoreload 25488 15716 C:\Users\samue\Documents\agromanager\apps\sensores\serializers.py changed, reloading.
INFO 2025-12-10 16:56:17,244 autoreload 27248 24280 Watching for file changes with StatReloader
INFO 2025-12-10 16:56:28,902 autoreload 27248 24280 C:\Users\samue\Documents\agromanager\apps\inventario\serializers.py changed, reloading.
INFO 2025-12-10 16:56:30,365 autoreload 21160 4688 Watching for file changes with StatReloader
INFO 2025-12-10 16:56:41,526 autoreload 1972 17364 Watching for file changes with StatReloader
INFO 2025-12-10 16:57:07,501 basehttp 1972 14328 "POST /api/auth/login/ HTTP/1.1" 200 483
INFO 2025-12-10 16:57:09,601 basehttp 1972 22788 "GET /swagger.json HTTP/1.1" 200 51194
INFO 2025-12-10 16:57:48,801 basehttp 1972 5236 "POST /api/auth/login/ HTTP/1.1" 200 483
INFO 2025-12-10 16:57:50,873 basehttp 1972 11180 "GET /swagger/ HTTP/1.1" 200 2162
INFO 2025-12-10 16:57:52,960 basehttp 1972 19412 "GET /swagger.json HTTP/1.1" 200 51194
INFO 2025-12-10 16:58:14,526 basehttp 1972 16600 "POST /api/auth/login/ HTTP/1.1" 200 483
INFO 2025-12-10 16:58:16,572 basehttp 1972 9928 "POST /api/cultivos/ HTTP/1.1" 201 217
INFO 2025-12-10 16:58:18,627 basehttp 1972 25212 "POST /api/inventario/insumos/ HTTP/1.1" 201 75
INFO 2025-12-10 16:58:20,408 autoreload 1972 17364 C:\Users\samue\Documents\agromanager\apps\sensores\serializers.py changed, reloading.
INFO 2025-12-10 16:58:21,202 autoreload 23348 15792 Watching for file changes with StatReloader
ERROR 2025-12-10 16:58:21,720 exceptions 23348 16328 Error 405 en APIRootView
Traceback (most recent call last):
  File "C:\Users\samue\AppData\Local\Programs\Python\Python312\Lib\site-packages\rest_framework\views.py", line 506, in dispatch
    response = handler(request, *args, **kwargs)
               ^^^^^^^^^^^^^^^^^^^^^^^^^^^^^^^^^
  File "C:\Users\samue\AppData\Local\Programs\Python\Python312\Lib\site-packages\rest_framework\views.py", line 167, in http_method_not_allowed
    raise exceptions.MethodNotAllowed(request.method)
rest_framework.exceptions.MethodNotAllowed: Método "POST" no permitido.
WARNING 2025-12-10 16:58:21,722 log 23348 16328 Method Not Allowed: /api/sensores/
WARNING 2025-12-10 16:58:21,723 basehttp 23348 16328 "POST /api/sensores/ HTTP/1.1" 405 43
