ERROR 2025-12-05 18:26:12,043 exceptions 26416 9544 Error 403 en UserProfileViewSet
Traceback (most recent call last):
  File "C:\Users\samue\AppData\Local\Programs\Python\Python312\Lib\site-packages\rest_framework\views.py", line 497, in dispatch
    self.initial(request, *args, **kwargs)
  File "C:\Users\samue\AppData\Local\Programs\Python\Python312\Lib\site-packages\rest_framework\views.py", line 415, in initial
    self.check_permissions(request)
  File "C:\Users\samue\AppData\Local\Programs\Python\Python312\Lib\site-packages\rest_framework\views.py", line 333, in check_permissions
    self.permission_denied(
  File "C:\Users\samue\AppData\Local\Programs\Python\Python312\Lib\site-packages\rest_framework\views.py", line 175, in permission_denied
    raise exceptions.PermissionDenied(detail=message, code=code)
rest_framework.exceptions.PermissionDenied: Usted no tiene permiso para realizar esta acción.
WARNING 2025-12-05 18:26:12,043 log 26416 9544 Forbidden: /api/core/profiles/
ERROR 2025-12-05 18:26:13,778 exceptions 26416 9544 Error 401 en UserProfileViewSet
Traceback (most recent call last):
  File "C:\Users\samue\AppData\Local\Programs\Python\Python312\Lib\site-packages\rest_framework\views.py", line 497, in dispatch
    self.initial(request, *args, **kwargs)
  File "C:\Users\samue\AppData\Local\Programs\Python\Python312\Lib\site-packages\rest_framework\views.py", line 415, in initial
    self.check_permissions(request)
  File "C:\Users\samue\AppData\Local\Programs\Python\Python312\Lib\site-packages\rest_framework\views.py", line 333, in check_permissions
    self.permission_denied(
  File "C:\Users\samue\AppData\Local\Programs\Python\Python312\Lib\site-packages\rest_framework\views.py", line 174, in permission_denied
    raise exceptions.NotAuthenticated()
rest_framework.exceptions.NotAuthenticated: Las credenciales de autenticación no se proveyeron.
WARNING 2025-12-05 18:26:13,779 log 26416 9544 Unauthorized: /api/core/profiles/
INFO 2025-12-05 18:31:50,562 autoreload 24592 1632 Watching for file changes with StatReloader
WARNING 2025-12-05 18:32:00,391 log 24592 17248 Not Found: /
WARNING 2025-12-05 18:32:00,391 basehttp 24592 17248 "GET / HTTP/1.1" 404 2830
WARNING 2025-12-05 18:32:00,764 log 24592 17248 Not Found: /favicon.ico
WARNING 2025-12-05 18:32:00,767 basehttp 24592 17248 "GET /favicon.ico HTTP/1.1" 404 2881
INFO 2025-12-05 18:32:19,726 autoreload 21784 3244 Watching for file changes with StatReloader
WARNING 2025-12-05 18:32:21,517 log 21784 8716 Not Found: /
WARNING 2025-12-05 18:32:21,518 basehttp 21784 8716 "GET / HTTP/1.1" 404 2830
INFO 2025-12-05 18:32:55,894 basehttp 21784 20188 "GET /admin/ HTTP/1.1" 302 0
INFO 2025-12-05 18:32:55,962 basehttp 21784 20188 "GET /admin/login/?next=/admin/ HTTP/1.1" 200 4246
INFO 2025-12-05 18:32:56,293 basehttp 21784 22748 "GET /static/admin/css/dark_mode.css HTTP/1.1" 200 2929
INFO 2025-12-05 18:32:56,313 basehttp 21784 23340 "GET /static/admin/js/theme.js HTTP/1.1" 200 1943
INFO 2025-12-05 18:32:56,313 basehttp 21784 22748 "GET /static/admin/js/nav_sidebar.js HTTP/1.1" 200 3063
INFO 2025-12-05 18:32:56,313 basehttp 21784 29188 "GET /static/admin/css/login.css HTTP/1.1" 200 958
INFO 2025-12-05 18:32:56,313 basehttp 21784 4996 "GET /static/admin/css/responsive.css HTTP/1.1" 200 18559
INFO 2025-12-05 18:32:56,326 basehttp 21784 1144 "GET /static/admin/css/nav_sidebar.css HTTP/1.1" 200 2694
INFO 2025-12-05 18:32:56,328 basehttp 21784 20188 "GET /static/admin/css/base.css HTTP/1.1" 200 21310
INFO 2025-12-05 18:34:50,557 autoreload 16584 26444 Watching for file changes with StatReloader
INFO 2025-12-05 18:34:54,793 basehttp 16584 14572 "POST /admin/login/?next=/admin/ HTTP/1.1" 302 0
INFO 2025-12-05 18:34:54,851 basehttp 16584 14572 "GET /admin/ HTTP/1.1" 200 7164
INFO 2025-12-05 18:34:54,868 basehttp 16584 14572 "GET /static/admin/css/base.css HTTP/1.1" 304 0
INFO 2025-12-05 18:34:54,870 basehttp 16584 22436 "GET /static/admin/css/dark_mode.css HTTP/1.1" 304 0
INFO 2025-12-05 18:34:54,873 basehttp 16584 13320 "GET /static/admin/css/nav_sidebar.css HTTP/1.1" 304 0
INFO 2025-12-05 18:34:54,874 basehttp 16584 14572 "GET /static/admin/js/theme.js HTTP/1.1" 304 0
INFO 2025-12-05 18:34:54,874 basehttp 16584 8244 "GET /static/admin/css/responsive.css HTTP/1.1" 304 0
INFO 2025-12-05 18:34:54,875 basehttp 16584 22436 "GET /static/admin/js/nav_sidebar.js HTTP/1.1" 304 0
INFO 2025-12-05 18:34:54,957 basehttp 16584 8488 "GET /static/admin/css/dashboard.css HTTP/1.1" 200 441
INFO 2025-12-05 18:34:54,964 basehttp 16584 8488 "GET /static/admin/img/icon-addlink.svg HTTP/1.1" 200 331
INFO 2025-12-05 18:34:54,964 basehttp 16584 22436 "GET /static/admin/img/icon-changelink.svg HTTP/1.1" 200 380
INFO 2025-12-05 18:35:34,587 basehttp 16584 15764 "GET /swagger/ HTTP/1.1" 200 2390
INFO 2025-12-05 18:35:34,603 basehttp 16584 15764 "GET /static/drf-yasg/style.css HTTP/1.1" 200 1047
INFO 2025-12-05 18:35:34,615 basehttp 16584 29208 "GET /static/drf-yasg/insQ.min.js HTTP/1.1" 200 2093
INFO 2025-12-05 18:35:34,616 basehttp 16584 15764 "GET /static/drf-yasg/swagger-ui-init.js HTTP/1.1" 200 14964
INFO 2025-12-05 18:35:34,621 basehttp 16584 16892 "GET /static/drf-yasg/swagger-ui-dist/swagger-ui.css HTTP/1.1" 200 145206
INFO 2025-12-05 18:35:34,622 basehttp 16584 27704 "GET /static/drf-yasg/immutable.min.js HTTP/1.1" 200 56904
INFO 2025-12-05 18:35:34,634 basehttp 16584 7312 "GET /static/drf-yasg/swagger-ui-dist/swagger-ui-standalone-preset.js HTTP/1.1" 200 322863
INFO 2025-12-05 18:35:34,647 basehttp 16584 1304 "GET /static/drf-yasg/swagger-ui-dist/swagger-ui-bundle.js HTTP/1.1" 200 1046583
INFO 2025-12-05 18:35:34,836 basehttp 16584 1304 "GET /swagger/?format=openapi HTTP/1.1" 200 17362
INFO 2025-12-05 18:35:34,838 basehttp 16584 7312 "GET /static/drf-yasg/swagger-ui-dist/favicon-32x32.png HTTP/1.1" 200 628
INFO 2025-12-05 18:36:19,645 autoreload 16584 26444 C:\Users\samue\Documents\agromanager\apps\core\models.py changed, reloading.
INFO 2025-12-05 18:36:20,262 autoreload 8888 17888 Watching for file changes with StatReloader
INFO 2025-12-05 18:36:28,218 autoreload 8888 17888 C:\Users\samue\Documents\agromanager\apps\core\models.py changed, reloading.
INFO 2025-12-05 18:36:28,844 autoreload 26360 4168 Watching for file changes with StatReloader
INFO 2025-12-05 18:36:30,497 autoreload 26360 4168 C:\Users\samue\Documents\agromanager\apps\core\serializers.py changed, reloading.
INFO 2025-12-05 18:36:31,120 autoreload 24364 19020 Watching for file changes with StatReloader
INFO 2025-12-05 18:36:39,233 autoreload 24364 19020 C:\Users\samue\Documents\agromanager\apps\core\serializers.py changed, reloading.
INFO 2025-12-05 18:36:40,344 autoreload 26408 3112 Watching for file changes with StatReloader
INFO 2025-12-05 18:36:42,695 autoreload 26408 3112 C:\Users\samue\Documents\agromanager\apps\core\views.py changed, reloading.
INFO 2025-12-05 18:36:43,777 autoreload 14888 25416 Watching for file changes with StatReloader
INFO 2025-12-05 18:36:55,335 autoreload 14888 25416 C:\Users\samue\Documents\agromanager\apps\core\views.py changed, reloading.
INFO 2025-12-05 18:36:56,310 autoreload 23920 16380 Watching for file changes with StatReloader
INFO 2025-12-05 18:37:01,078 autoreload 23920 16380 C:\Users\samue\Documents\agromanager\config\urls.py changed, reloading.
INFO 2025-12-05 18:37:01,879 autoreload 26536 27932 Watching for file changes with StatReloader
WARNING 2025-12-05 18:38:36,360 log 27324 24800 Bad Request: /api/auth/password-reset-confirm/
WARNING 2025-12-05 18:38:36,588 log 27324 24800 Bad Request: /api/auth/password-reset-confirm/
INFO 2025-12-05 18:38:37,044 views 27324 24800 Contraseña actualizada para usuario: testuser
INFO 2025-12-05 18:38:37,510 views 27324 24800 Email de recuperación enviado a: test@example.com
WARNING 2025-12-05 18:38:37,736 log 27324 24800 Bad Request: /api/auth/password-reset/
WARNING 2025-12-05 18:38:37,966 log 27324 24800 Bad Request: /api/auth/register/
WARNING 2025-12-05 18:38:37,966 log 27324 24800 Bad Request: /api/auth/register/
INFO 2025-12-05 18:38:38,196 views 27324 24800 Nuevo usuario registrado: newuser
WARNING 2025-12-05 18:38:38,202 log 27324 24800 Bad Request: /api/auth/register/
ERROR 2025-12-05 18:38:42,145 exceptions 27324 24800 Error 403 en UserProfileViewSet
Traceback (most recent call last):
  File "C:\Users\samue\AppData\Local\Programs\Python\Python312\Lib\site-packages\rest_framework\views.py", line 497, in dispatch
    self.initial(request, *args, **kwargs)
  File "C:\Users\samue\AppData\Local\Programs\Python\Python312\Lib\site-packages\rest_framework\views.py", line 415, in initial
    self.check_permissions(request)
  File "C:\Users\samue\AppData\Local\Programs\Python\Python312\Lib\site-packages\rest_framework\views.py", line 333, in check_permissions
    self.permission_denied(
  File "C:\Users\samue\AppData\Local\Programs\Python\Python312\Lib\site-packages\rest_framework\views.py", line 175, in permission_denied
    raise exceptions.PermissionDenied(detail=message, code=code)
rest_framework.exceptions.PermissionDenied: Usted no tiene permiso para realizar esta acción.
WARNING 2025-12-05 18:38:42,145 log 27324 24800 Forbidden: /api/core/profiles/
ERROR 2025-12-05 18:38:43,896 exceptions 27324 24800 Error 401 en UserProfileViewSet
Traceback (most recent call last):
  File "C:\Users\samue\AppData\Local\Programs\Python\Python312\Lib\site-packages\rest_framework\views.py", line 497, in dispatch
    self.initial(request, *args, **kwargs)
  File "C:\Users\samue\AppData\Local\Programs\Python\Python312\Lib\site-packages\rest_framework\views.py", line 415, in initial
    self.check_permissions(request)
  File "C:\Users\samue\AppData\Local\Programs\Python\Python312\Lib\site-packages\rest_framework\views.py", line 333, in check_permissions
    self.permission_denied(
  File "C:\Users\samue\AppData\Local\Programs\Python\Python312\Lib\site-packages\rest_framework\views.py", line 174, in permission_denied
    raise exceptions.NotAuthenticated()
rest_framework.exceptions.NotAuthenticated: Las credenciales de autenticación no se proveyeron.
WARNING 2025-12-05 18:38:43,896 log 27324 24800 Unauthorized: /api/core/profiles/
INFO 2025-12-05 18:40:21,611 autoreload 29292 21040 Watching for file changes with StatReloader
WARNING 2025-12-05 18:40:26,720 log 29292 12480 Not Found: /
WARNING 2025-12-05 18:40:26,721 basehttp 29292 12480 "GET / HTTP/1.1" 404 3283
ERROR 2025-12-05 18:40:50,849 exceptions 29292 4120 Error 405 en register
Traceback (most recent call last):
  File "C:\Users\samue\AppData\Local\Programs\Python\Python312\Lib\site-packages\rest_framework\views.py", line 506, in dispatch
    response = handler(request, *args, **kwargs)
               ^^^^^^^^^^^^^^^^^^^^^^^^^^^^^^^^^
  File "C:\Users\samue\AppData\Local\Programs\Python\Python312\Lib\site-packages\rest_framework\views.py", line 167, in http_method_not_allowed
    raise exceptions.MethodNotAllowed(request.method)
rest_framework.exceptions.MethodNotAllowed: Método "GET" no permitido.
WARNING 2025-12-05 18:40:50,905 log 29292 4120 Method Not Allowed: /api/auth/register/
WARNING 2025-12-05 18:40:50,906 basehttp 29292 4120 "GET /api/auth/register/ HTTP/1.1" 405 10719
INFO 2025-12-05 18:40:51,245 basehttp 29292 4692 "GET /static/rest_framework/js/jquery-3.5.1.min.js HTTP/1.1" 200 89476
INFO 2025-12-05 18:40:51,245 basehttp 29292 4120 "GET /static/rest_framework/css/bootstrap.min.css HTTP/1.1" 200 121457
INFO 2025-12-05 18:40:51,245 basehttp 29292 19544 "GET /static/rest_framework/css/bootstrap-tweaks.css HTTP/1.1" 200 3385
INFO 2025-12-05 18:40:51,245 basehttp 29292 4692 "GET /static/rest_framework/js/csrf.js HTTP/1.1" 200 1719
INFO 2025-12-05 18:40:51,263 basehttp 29292 26808 "GET /static/rest_framework/css/prettify.css HTTP/1.1" 200 817
INFO 2025-12-05 18:40:51,265 basehttp 29292 19544 "GET /static/rest_framework/js/default.js HTTP/1.1" 200 1268
INFO 2025-12-05 18:40:51,266 basehttp 29292 4120 "GET /static/rest_framework/js/bootstrap.min.js HTTP/1.1" 200 39680
INFO 2025-12-05 18:40:51,266 basehttp 29292 4692 "GET /static/rest_framework/js/prettify-min.js HTTP/1.1" 200 13632
INFO 2025-12-05 18:40:51,267 basehttp 29292 13080 "GET /static/rest_framework/css/default.css HTTP/1.1" 200 1152
INFO 2025-12-05 18:40:51,267 basehttp 29292 18172 "GET /static/rest_framework/js/ajax-form.js HTTP/1.1" 200 3597
INFO 2025-12-05 18:40:51,281 basehttp 29292 18172 "GET /static/rest_framework/img/grid.png HTTP/1.1" 200 1458
WARNING 2025-12-05 18:41:20,050 log 29292 14056 Not Found: /swgger
WARNING 2025-12-05 18:41:20,053 basehttp 29292 14056 "GET /swgger HTTP/1.1" 404 3319
INFO 2025-12-05 18:41:33,082 basehttp 29292 28724 "GET /swagger/ HTTP/1.1" 200 2390
INFO 2025-12-05 18:41:33,101 basehttp 29292 11284 "GET /static/drf-yasg/swagger-ui-dist/swagger-ui.css HTTP/1.1" 304 0
INFO 2025-12-05 18:41:33,101 basehttp 29292 28724 "GET /static/drf-yasg/style.css HTTP/1.1" 304 0
INFO 2025-12-05 18:41:33,109 basehttp 29292 24640 "GET /static/drf-yasg/swagger-ui-dist/swagger-ui-standalone-preset.js HTTP/1.1" 304 0
INFO 2025-12-05 18:41:33,110 basehttp 29292 19120 "GET /static/drf-yasg/swagger-ui-dist/swagger-ui-bundle.js HTTP/1.1" 304 0
INFO 2025-12-05 18:41:33,116 basehttp 29292 11284 "GET /static/drf-yasg/swagger-ui-init.js HTTP/1.1" 304 0
INFO 2025-12-05 18:41:33,117 basehttp 29292 28524 "GET /static/drf-yasg/insQ.min.js HTTP/1.1" 304 0
INFO 2025-12-05 18:41:33,118 basehttp 29292 19832 "GET /static/drf-yasg/immutable.min.js HTTP/1.1" 304 0
INFO 2025-12-05 18:41:33,296 basehttp 29292 19832 "GET /swagger/?format=openapi HTTP/1.1" 200 18611
INFO 2025-12-05 18:49:39,264 autoreload 17516 13124 Watching for file changes with StatReloader
WARNING 2025-12-05 18:49:41,250 log 17516 19008 Not Found: /
WARNING 2025-12-05 18:49:41,251 basehttp 17516 19008 "GET / HTTP/1.1" 404 3283
ERROR 2025-12-05 18:50:01,268 exceptions 17516 28984 Error 405 en TokenRefreshView
Traceback (most recent call last):
  File "C:\Users\samue\AppData\Local\Programs\Python\Python312\Lib\site-packages\rest_framework\views.py", line 506, in dispatch
    response = handler(request, *args, **kwargs)
               ^^^^^^^^^^^^^^^^^^^^^^^^^^^^^^^^^
  File "C:\Users\samue\AppData\Local\Programs\Python\Python312\Lib\site-packages\rest_framework\views.py", line 167, in http_method_not_allowed
    raise exceptions.MethodNotAllowed(request.method)
rest_framework.exceptions.MethodNotAllowed: Método "GET" no permitido.
WARNING 2025-12-05 18:50:01,317 log 17516 28984 Method Not Allowed: /api/auth/refresh/
WARNING 2025-12-05 18:50:01,319 basehttp 17516 28984 "GET /api/auth/refresh/ HTTP/1.1" 405 12114
INFO 2025-12-05 18:50:01,333 basehttp 17516 28984 "GET /static/rest_framework/css/bootstrap.min.css HTTP/1.1" 304 0
INFO 2025-12-05 18:50:01,336 basehttp 17516 12256 "GET /static/rest_framework/css/bootstrap-tweaks.css HTTP/1.1" 304 0
INFO 2025-12-05 18:50:01,337 basehttp 17516 4512 "GET /static/rest_framework/css/prettify.css HTTP/1.1" 304 0
INFO 2025-12-05 18:50:01,340 basehttp 17516 13536 "GET /static/rest_framework/css/default.css HTTP/1.1" 304 0
INFO 2025-12-05 18:50:01,340 basehttp 17516 28984 "GET /static/rest_framework/js/csrf.js HTTP/1.1" 304 0
INFO 2025-12-05 18:50:01,344 basehttp 17516 3988 "GET /static/rest_framework/js/jquery-3.5.1.min.js HTTP/1.1" 304 0
INFO 2025-12-05 18:50:01,347 basehttp 17516 12256 "GET /static/rest_framework/js/bootstrap.min.js HTTP/1.1" 304 0
INFO 2025-12-05 18:50:01,347 basehttp 17516 22772 "GET /static/rest_framework/js/ajax-form.js HTTP/1.1" 304 0
INFO 2025-12-05 18:50:01,348 basehttp 17516 4512 "GET /static/rest_framework/js/prettify-min.js HTTP/1.1" 304 0
INFO 2025-12-05 18:50:01,348 basehttp 17516 13536 "GET /static/rest_framework/js/default.js HTTP/1.1" 304 0
INFO 2025-12-05 18:50:01,353 basehttp 17516 4512 "GET /static/rest_framework/img/grid.png HTTP/1.1" 304 0
ERROR 2025-12-05 18:50:13,445 exceptions 17516 23028 Error 401 en TokenRefreshView
Traceback (most recent call last):
  File "C:\Users\samue\AppData\Local\Programs\Python\Python312\Lib\site-packages\jwt\api_jws.py", line 270, in _load
    header_segment, payload_segment = signing_input.split(b".", 1)
    ^^^^^^^^^^^^^^^^^^^^^^^^^^^^^^^
ValueError: not enough values to unpack (expected 2, got 1)

The above exception was the direct cause of the following exception:

Traceback (most recent call last):
  File "C:\Users\samue\AppData\Local\Programs\Python\Python312\Lib\site-packages\rest_framework_simplejwt\backends.py", line 139, in decode
    return jwt.decode(
           ^^^^^^^^^^^
  File "C:\Users\samue\AppData\Local\Programs\Python\Python312\Lib\site-packages\jwt\api_jwt.py", line 222, in decode
    decoded = self.decode_complete(
              ^^^^^^^^^^^^^^^^^^^^^
  File "C:\Users\samue\AppData\Local\Programs\Python\Python312\Lib\site-packages\jwt\api_jwt.py", line 156, in decode_complete
    decoded = api_jws.decode_complete(
              ^^^^^^^^^^^^^^^^^^^^^^^^
  File "C:\Users\samue\AppData\Local\Programs\Python\Python312\Lib\site-packages\jwt\api_jws.py", line 209, in decode_complete
    payload, signing_input, header, signature = self._load(jwt)
                                                ^^^^^^^^^^^^^^^
  File "C:\Users\samue\AppData\Local\Programs\Python\Python312\Lib\site-packages\jwt\api_jws.py", line 272, in _load
    raise DecodeError("Not enough segments") from err
jwt.exceptions.DecodeError: Not enough segments

The above exception was the direct cause of the following exception:

Traceback (most recent call last):
  File "C:\Users\samue\AppData\Local\Programs\Python\Python312\Lib\site-packages\rest_framework_simplejwt\tokens.py", line 56, in __init__
    self.payload = token_backend.decode(token, verify=verify)
                   ^^^^^^^^^^^^^^^^^^^^^^^^^^^^^^^^^^^^^^^^^^
  File "C:\Users\samue\AppData\Local\Programs\Python\Python312\Lib\site-packages\rest_framework_simplejwt\backends.py", line 154, in decode
    raise TokenBackendError(_("Token is invalid or expired")) from ex
rest_framework_simplejwt.exceptions.TokenBackendError: El token es inválido o ha expirado

During handling of the above exception, another exception occurred:

Traceback (most recent call last):
  File "C:\Users\samue\AppData\Local\Programs\Python\Python312\Lib\site-packages\rest_framework_simplejwt\views.py", line 44, in post
    serializer.is_valid(raise_exception=True)
  File "C:\Users\samue\AppData\Local\Programs\Python\Python312\Lib\site-packages\rest_framework\serializers.py", line 227, in is_valid
    self._validated_data = self.run_validation(self.initial_data)
                           ^^^^^^^^^^^^^^^^^^^^^^^^^^^^^^^^^^^^^^
  File "C:\Users\samue\AppData\Local\Programs\Python\Python312\Lib\site-packages\rest_framework\serializers.py", line 429, in run_validation
    value = self.validate(value)
            ^^^^^^^^^^^^^^^^^^^^
  File "C:\Users\samue\AppData\Local\Programs\Python\Python312\Lib\site-packages\rest_framework_simplejwt\serializers.py", line 108, in validate
    refresh = self.token_class(attrs["refresh"])
              ^^^^^^^^^^^^^^^^^^^^^^^^^^^^^^^^^^
  File "C:\Users\samue\AppData\Local\Programs\Python\Python312\Lib\site-packages\rest_framework_simplejwt\tokens.py", line 58, in __init__
    raise TokenError(_("Token is invalid or expired"))
rest_framework_simplejwt.exceptions.TokenError: El token es inválido o ha expirado

During handling of the above exception, another exception occurred:

Traceback (most recent call last):
  File "C:\Users\samue\AppData\Local\Programs\Python\Python312\Lib\site-packages\rest_framework\views.py", line 506, in dispatch
    response = handler(request, *args, **kwargs)
               ^^^^^^^^^^^^^^^^^^^^^^^^^^^^^^^^^
  File "C:\Users\samue\AppData\Local\Programs\Python\Python312\Lib\site-packages\rest_framework_simplejwt\views.py", line 46, in post
    raise InvalidToken(e.args[0])
rest_framework_simplejwt.exceptions.InvalidToken: {'detail': ErrorDetail(string='El token es inválido o ha expirado', code='token_not_valid'), 'code': ErrorDetail(string='token_not_valid', code='token_not_valid')}
WARNING 2025-12-05 18:50:13,463 log 17516 23028 Unauthorized: /api/auth/refresh/
WARNING 2025-12-05 18:50:13,463 basehttp 17516 23028 "POST /api/auth/refresh/ HTTP/1.1" 401 12115
ERROR 2025-12-05 18:50:29,163 exceptions 17516 4244 Error 405 en register
Traceback (most recent call last):
  File "C:\Users\samue\AppData\Local\Programs\Python\Python312\Lib\site-packages\rest_framework\views.py", line 506, in dispatch
    response = handler(request, *args, **kwargs)
               ^^^^^^^^^^^^^^^^^^^^^^^^^^^^^^^^^
  File "C:\Users\samue\AppData\Local\Programs\Python\Python312\Lib\site-packages\rest_framework\views.py", line 167, in http_method_not_allowed
    raise exceptions.MethodNotAllowed(request.method)
rest_framework.exceptions.MethodNotAllowed: Método "GET" no permitido.
WARNING 2025-12-05 18:50:29,164 log 17516 4244 Method Not Allowed: /api/auth/register/
WARNING 2025-12-05 18:50:29,164 basehttp 17516 4244 "GET /api/auth/register/ HTTP/1.1" 405 10719
WARNING 2025-12-05 18:50:35,127 log 17516 25096 Bad Request: /api/auth/register/
WARNING 2025-12-05 18:50:35,130 basehttp 17516 25096 "POST /api/auth/register/ HTTP/1.1" 400 11117
WARNING 2025-12-05 18:52:06,987 log 17516 27596 Bad Request: /api/auth/register/
WARNING 2025-12-05 18:52:06,989 basehttp 17516 27596 "POST /api/auth/register/ HTTP/1.1" 400 11125
ERROR 2025-12-05 18:53:07,804 exceptions 17516 16028 Error 400 en register
Traceback (most recent call last):
  File "C:\Users\samue\AppData\Local\Programs\Python\Python312\Lib\site-packages\rest_framework\parsers.py", line 64, in parse
    return json.load(decoded_stream, parse_constant=parse_constant)
           ^^^^^^^^^^^^^^^^^^^^^^^^^^^^^^^^^^^^^^^^^^^^^^^^^^^^^^^^
  File "C:\Users\samue\AppData\Local\Programs\Python\Python312\Lib\site-packages\rest_framework\utils\json.py", line 31, in load
    return json.load(*args, **kwargs)
           ^^^^^^^^^^^^^^^^^^^^^^^^^^
  File "C:\Users\samue\AppData\Local\Programs\Python\Python312\Lib\json\__init__.py", line 293, in load
    return loads(fp.read(),
           ^^^^^^^^^^^^^^^^
  File "C:\Users\samue\AppData\Local\Programs\Python\Python312\Lib\json\__init__.py", line 359, in loads
    return cls(**kw).decode(s)
           ^^^^^^^^^^^^^^^^^^^
  File "C:\Users\samue\AppData\Local\Programs\Python\Python312\Lib\json\decoder.py", line 337, in decode
    obj, end = self.raw_decode(s, idx=_w(s, 0).end())
               ^^^^^^^^^^^^^^^^^^^^^^^^^^^^^^^^^^^^^^
  File "C:\Users\samue\AppData\Local\Programs\Python\Python312\Lib\json\decoder.py", line 355, in raw_decode
    raise JSONDecodeError("Expecting value", s, err.value) from None
json.decoder.JSONDecodeError: Expecting value: line 1 column 1 (char 0)

During handling of the above exception, another exception occurred:

Traceback (most recent call last):
  File "C:\Users\samue\AppData\Local\Programs\Python\Python312\Lib\site-packages\rest_framework\views.py", line 497, in dispatch
    self.initial(request, *args, **kwargs)
  File "C:\Users\samue\AppData\Local\Programs\Python\Python312\Lib\site-packages\rest_framework\views.py", line 414, in initial
    self.perform_authentication(request)
  File "C:\Users\samue\AppData\Local\Programs\Python\Python312\Lib\site-packages\rest_framework\views.py", line 324, in perform_authentication
    request.user
  File "C:\Users\samue\AppData\Local\Programs\Python\Python312\Lib\site-packages\rest_framework\request.py", line 227, in user
    self._authenticate()
  File "C:\Users\samue\AppData\Local\Programs\Python\Python312\Lib\site-packages\rest_framework\request.py", line 380, in _authenticate
    user_auth_tuple = authenticator.authenticate(self)
                      ^^^^^^^^^^^^^^^^^^^^^^^^^^^^^^^^
  File "C:\Users\samue\AppData\Local\Programs\Python\Python312\Lib\site-packages\rest_framework\authentication.py", line 130, in authenticate
    self.enforce_csrf(request)
  File "C:\Users\samue\AppData\Local\Programs\Python\Python312\Lib\site-packages\rest_framework\authentication.py", line 145, in enforce_csrf
    reason = check.process_view(request, None, (), {})
             ^^^^^^^^^^^^^^^^^^^^^^^^^^^^^^^^^^^^^^^^^
  File "C:\Users\samue\AppData\Local\Programs\Python\Python312\Lib\site-packages\django\middleware\csrf.py", line 470, in process_view
    self._check_token(request)
  File "C:\Users\samue\AppData\Local\Programs\Python\Python312\Lib\site-packages\django\middleware\csrf.py", line 373, in _check_token
    request_csrf_token = request.POST.get("csrfmiddlewaretoken", "")
                         ^^^^^^^^^^^^
  File "C:\Users\samue\AppData\Local\Programs\Python\Python312\Lib\site-packages\rest_framework\request.py", line 431, in POST
    self._load_data_and_files()
  File "C:\Users\samue\AppData\Local\Programs\Python\Python312\Lib\site-packages\rest_framework\request.py", line 279, in _load_data_and_files
    self._data, self._files = self._parse()
                              ^^^^^^^^^^^^^
  File "C:\Users\samue\AppData\Local\Programs\Python\Python312\Lib\site-packages\rest_framework\request.py", line 354, in _parse
    parsed = parser.parse(stream, media_type, self.parser_context)
             ^^^^^^^^^^^^^^^^^^^^^^^^^^^^^^^^^^^^^^^^^^^^^^^^^^^^^
  File "C:\Users\samue\AppData\Local\Programs\Python\Python312\Lib\site-packages\rest_framework\parsers.py", line 66, in parse
    raise ParseError('JSON parse error - %s' % str(exc))
rest_framework.exceptions.ParseError: JSON parse error - Expecting value: line 1 column 1 (char 0)
WARNING 2025-12-05 18:53:07,813 log 17516 16028 Bad Request: /api/auth/register/
WARNING 2025-12-05 18:53:07,813 basehttp 17516 16028 "POST /api/auth/register/ HTTP/1.1" 400 10700
INFO 2025-12-05 18:54:48,145 views 22656 24656 Nuevo usuario registrado: newuser
INFO 2025-12-05 18:54:59,628 autoreload 10312 7104 Watching for file changes with StatReloader
WARNING 2025-12-05 18:56:16,824 log 10312 11744 Not Found: /
WARNING 2025-12-05 18:56:16,825 basehttp 10312 11744 "GET / HTTP/1.1" 404 3283
INFO 2025-12-05 18:56:33,819 views 10312 25664 Nuevo usuario registrado: juan
INFO 2025-12-05 18:56:33,879 basehttp 10312 25664 "POST /api/auth/register/ HTTP/1.1" 201 11003
INFO 2025-12-05 18:56:33,904 basehttp 10312 25664 "GET /static/rest_framework/img/grid.png HTTP/1.1" 304 0
ERROR 2025-12-05 18:57:32,234 exceptions 10312 1748 Error 405 en TokenObtainPairView
Traceback (most recent call last):
  File "C:\Users\samue\AppData\Local\Programs\Python\Python312\Lib\site-packages\rest_framework\views.py", line 506, in dispatch
    response = handler(request, *args, **kwargs)
               ^^^^^^^^^^^^^^^^^^^^^^^^^^^^^^^^^
  File "C:\Users\samue\AppData\Local\Programs\Python\Python312\Lib\site-packages\rest_framework\views.py", line 167, in http_method_not_allowed
    raise exceptions.MethodNotAllowed(request.method)
rest_framework.exceptions.MethodNotAllowed: Método "GET" no permitido.
WARNING 2025-12-05 18:57:32,247 log 10312 1748 Method Not Allowed: /api/auth/login/
WARNING 2025-12-05 18:57:32,247 basehttp 10312 1748 "GET /api/auth/login/ HTTP/1.1" 405 12441
INFO 2025-12-05 18:57:32,268 basehttp 10312 1748 "GET /static/rest_framework/css/bootstrap.min.css HTTP/1.1" 304 0
INFO 2025-12-05 18:57:32,268 basehttp 10312 19316 "GET /static/rest_framework/css/bootstrap-tweaks.css HTTP/1.1" 304 0
INFO 2025-12-05 18:57:32,272 basehttp 10312 22740 "GET /static/rest_framework/css/default.css HTTP/1.1" 304 0
INFO 2025-12-05 18:57:32,272 basehttp 10312 28868 "GET /static/rest_framework/css/prettify.css HTTP/1.1" 304 0
INFO 2025-12-05 18:57:32,277 basehttp 10312 1748 "GET /static/rest_framework/js/csrf.js HTTP/1.1" 304 0
INFO 2025-12-05 18:57:32,277 basehttp 10312 11196 "GET /static/rest_framework/js/jquery-3.5.1.min.js HTTP/1.1" 304 0
INFO 2025-12-05 18:57:32,277 basehttp 10312 19316 "GET /static/rest_framework/js/bootstrap.min.js HTTP/1.1" 304 0
INFO 2025-12-05 18:57:32,280 basehttp 10312 28868 "GET /static/rest_framework/js/prettify-min.js HTTP/1.1" 304 0
INFO 2025-12-05 18:57:32,280 basehttp 10312 22740 "GET /static/rest_framework/js/default.js HTTP/1.1" 304 0
INFO 2025-12-05 18:57:32,280 basehttp 10312 8784 "GET /static/rest_framework/js/ajax-form.js HTTP/1.1" 304 0
ERROR 2025-12-05 18:58:10,740 exceptions 10312 17016 Error 401 en TokenObtainPairView
Traceback (most recent call last):
  File "C:\Users\samue\AppData\Local\Programs\Python\Python312\Lib\site-packages\rest_framework\views.py", line 506, in dispatch
    response = handler(request, *args, **kwargs)
               ^^^^^^^^^^^^^^^^^^^^^^^^^^^^^^^^^
  File "C:\Users\samue\AppData\Local\Programs\Python\Python312\Lib\site-packages\rest_framework_simplejwt\views.py", line 44, in post
    serializer.is_valid(raise_exception=True)
  File "C:\Users\samue\AppData\Local\Programs\Python\Python312\Lib\site-packages\rest_framework\serializers.py", line 227, in is_valid
    self._validated_data = self.run_validation(self.initial_data)
                           ^^^^^^^^^^^^^^^^^^^^^^^^^^^^^^^^^^^^^^
  File "C:\Users\samue\AppData\Local\Programs\Python\Python312\Lib\site-packages\rest_framework\serializers.py", line 429, in run_validation
    value = self.validate(value)
            ^^^^^^^^^^^^^^^^^^^^
  File "C:\Users\samue\AppData\Local\Programs\Python\Python312\Lib\site-packages\rest_framework_simplejwt\serializers.py", line 73, in validate
    data = super().validate(attrs)
           ^^^^^^^^^^^^^^^^^^^^^^^
  File "C:\Users\samue\AppData\Local\Programs\Python\Python312\Lib\site-packages\rest_framework_simplejwt\serializers.py", line 57, in validate
    raise exceptions.AuthenticationFailed(
rest_framework.exceptions.AuthenticationFailed: La combinación de credenciales no tiene una cuenta activa
WARNING 2025-12-05 18:58:10,745 log 10312 17016 Unauthorized: /api/auth/login/
WARNING 2025-12-05 18:58:10,745 basehttp 10312 17016 "POST /api/auth/login/ HTTP/1.1" 401 12387
ERROR 2025-12-05 18:59:04,159 exceptions 10312 6668 Error 401 en TokenObtainPairView
Traceback (most recent call last):
  File "C:\Users\samue\AppData\Local\Programs\Python\Python312\Lib\site-packages\rest_framework\views.py", line 506, in dispatch
    response = handler(request, *args, **kwargs)
               ^^^^^^^^^^^^^^^^^^^^^^^^^^^^^^^^^
  File "C:\Users\samue\AppData\Local\Programs\Python\Python312\Lib\site-packages\rest_framework_simplejwt\views.py", line 44, in post
    serializer.is_valid(raise_exception=True)
  File "C:\Users\samue\AppData\Local\Programs\Python\Python312\Lib\site-packages\rest_framework\serializers.py", line 227, in is_valid
    self._validated_data = self.run_validation(self.initial_data)
                           ^^^^^^^^^^^^^^^^^^^^^^^^^^^^^^^^^^^^^^
  File "C:\Users\samue\AppData\Local\Programs\Python\Python312\Lib\site-packages\rest_framework\serializers.py", line 429, in run_validation
    value = self.validate(value)
            ^^^^^^^^^^^^^^^^^^^^
  File "C:\Users\samue\AppData\Local\Programs\Python\Python312\Lib\site-packages\rest_framework_simplejwt\serializers.py", line 73, in validate
    data = super().validate(attrs)
           ^^^^^^^^^^^^^^^^^^^^^^^
  File "C:\Users\samue\AppData\Local\Programs\Python\Python312\Lib\site-packages\rest_framework_simplejwt\serializers.py", line 57, in validate
    raise exceptions.AuthenticationFailed(
rest_framework.exceptions.AuthenticationFailed: La combinación de credenciales no tiene una cuenta activa
WARNING 2025-12-05 18:59:04,165 log 10312 6668 Unauthorized: /api/auth/login/
WARNING 2025-12-05 18:59:04,167 basehttp 10312 6668 "POST /api/auth/login/ HTTP/1.1" 401 12387
INFO 2025-12-05 18:59:38,488 basehttp 10312 25308 "POST /api/auth/login/ HTTP/1.1" 200 12883
ERROR 2025-12-05 19:05:33,915 exceptions 10312 22532 Error 405 en register
Traceback (most recent call last):
  File "C:\Users\samue\AppData\Local\Programs\Python\Python312\Lib\site-packages\rest_framework\views.py", line 506, in dispatch
    response = handler(request, *args, **kwargs)
               ^^^^^^^^^^^^^^^^^^^^^^^^^^^^^^^^^
  File "C:\Users\samue\AppData\Local\Programs\Python\Python312\Lib\site-packages\rest_framework\views.py", line 167, in http_method_not_allowed
    raise exceptions.MethodNotAllowed(request.method)
rest_framework.exceptions.MethodNotAllowed: Método "GET" no permitido.
WARNING 2025-12-05 19:05:34,009 log 10312 22532 Method Not Allowed: /api/auth/register/
WARNING 2025-12-05 19:05:34,014 basehttp 10312 22532 "GET /api/auth/register/ HTTP/1.1" 405 10719
INFO 2025-12-05 19:10:25,315 autoreload 10312 7104 C:\Users\samue\Documents\agromanager\config\settings\dev.py changed, reloading.
INFO 2025-12-05 19:10:27,096 autoreload 29300 25664 Watching for file changes with StatReloader
